{"total": {"lines":{"total":1883,"covered":554,"skipped":0,"pct":29.42},"statements":{"total":1952,"covered":564,"skipped":0,"pct":28.89},"functions":{"total":151,"covered":70,"skipped":0,"pct":46.35},"branches":{"total":1011,"covered":218,"skipped":0,"pct":21.56},"branchesTrue":{"total":0,"covered":0,"skipped":0,"pct":"Unknown"}}
,"/Users/faiqnau/fight/bot-wa-bookstore/wa-bot/src/aiClient.ts": {"lines":{"total":117,"covered":29,"skipped":0,"pct":24.78},"functions":{"total":15,"covered":5,"skipped":0,"pct":33.33},"statements":{"total":120,"covered":29,"skipped":0,"pct":24.16},"branches":{"total":22,"covered":2,"skipped":0,"pct":9.09}}
,"/Users/faiqnau/fight/bot-wa-bookstore/wa-bot/src/baileysLoader.ts": {"lines":{"total":5,"covered":5,"skipped":0,"pct":100},"functions":{"total":2,"covered":2,"skipped":0,"pct":100},"statements":{"total":6,"covered":6,"skipped":0,"pct":100},"branches":{"total":1,"covered":1,"skipped":0,"pct":100}}
,"/Users/faiqnau/fight/bot-wa-bookstore/wa-bot/src/broadcastStore.ts": {"lines":{"total":74,"covered":55,"skipped":0,"pct":74.32},"functions":{"total":17,"covered":11,"skipped":0,"pct":64.7},"statements":{"total":74,"covered":55,"skipped":0,"pct":74.32},"branches":{"total":40,"covered":24,"skipped":0,"pct":60}}
,"/Users/faiqnau/fight/bot-wa-bookstore/wa-bot/src/detector.ts": {"lines":{"total":60,"covered":36,"skipped":0,"pct":60},"functions":{"total":4,"covered":3,"skipped":0,"pct":75},"statements":{"total":63,"covered":38,"skipped":0,"pct":60.31},"branches":{"total":34,"covered":13,"skipped":0,"pct":38.23}}
,"/Users/faiqnau/fight/bot-wa-bookstore/wa-bot/src/draftCommands.ts": {"lines":{"total":71,"covered":43,"skipped":0,"pct":60.56},"functions":{"total":6,"covered":3,"skipped":0,"pct":50},"statements":{"total":72,"covered":43,"skipped":0,"pct":59.72},"branches":{"total":66,"covered":34,"skipped":0,"pct":51.51}}
,"/Users/faiqnau/fight/bot-wa-bookstore/wa-bot/src/messageHandler.ts": {"lines":{"total":1494,"covered":342,"skipped":0,"pct":22.89},"functions":{"total":97,"covered":38,"skipped":0,"pct":39.17},"statements":{"total":1554,"covered":348,"skipped":0,"pct":22.39},"branches":{"total":839,"covered":141,"skipped":0,"pct":16.8}}
,"/Users/faiqnau/fight/bot-wa-bookstore/wa-bot/src/stateStore.ts": {"lines":{"total":62,"covered":44,"skipped":0,"pct":70.96},"functions":{"total":10,"covered":8,"skipped":0,"pct":80},"statements":{"total":63,"covered":45,"skipped":0,"pct":71.42},"branches":{"total":9,"covered":3,"skipped":0,"pct":33.33}}
}
