{"total": {"lines":{"total":1907,"covered":987,"skipped":0,"pct":51.75},"statements":{"total":1977,"covered":1021,"skipped":0,"pct":51.64},"functions":{"total":152,"covered":118,"skipped":0,"pct":77.63},"branches":{"total":1017,"covered":411,"skipped":0,"pct":40.41},"branchesTrue":{"total":0,"covered":0,"skipped":0,"pct":"Unknown"}}
,"/Users/faiqnau/fight/bot-wa-bookstore/wa-bot/src/aiClient.ts": {"lines":{"total":117,"covered":84,"skipped":0,"pct":71.79},"functions":{"total":15,"covered":15,"skipped":0,"pct":100},"statements":{"total":120,"covered":84,"skipped":0,"pct":70},"branches":{"total":22,"covered":11,"skipped":0,"pct":50}}
,"/Users/faiqnau/fight/bot-wa-bookstore/wa-bot/src/baileysLoader.ts": {"lines":{"total":5,"covered":5,"skipped":0,"pct":100},"functions":{"total":2,"covered":2,"skipped":0,"pct":100},"statements":{"total":6,"covered":6,"skipped":0,"pct":100},"branches":{"total":1,"covered":1,"skipped":0,"pct":100}}
,"/Users/faiqnau/fight/bot-wa-bookstore/wa-bot/src/broadcastStore.ts": {"lines":{"total":75,"covered":70,"skipped":0,"pct":93.33},"functions":{"total":17,"covered":17,"skipped":0,"pct":100},"statements":{"total":75,"covered":70,"skipped":0,"pct":93.33},"branches":{"total":40,"covered":30,"skipped":0,"pct":75}}
,"/Users/faiqnau/fight/bot-wa-bookstore/wa-bot/src/detector.ts": {"lines":{"total":60,"covered":60,"skipped":0,"pct":100},"functions":{"total":4,"covered":4,"skipped":0,"pct":100},"statements":{"total":63,"covered":63,"skipped":0,"pct":100},"branches":{"total":34,"covered":27,"skipped":0,"pct":79.41}}
,"/Users/faiqnau/fight/bot-wa-bookstore/wa-bot/src/draftCommands.ts": {"lines":{"total":71,"covered":62,"skipped":0,"pct":87.32},"functions":{"total":6,"covered":5,"skipped":0,"pct":83.33},"statements":{"total":72,"covered":62,"skipped":0,"pct":86.11},"branches":{"total":66,"covered":59,"skipped":0,"pct":89.39}}
,"/Users/faiqnau/fight/bot-wa-bookstore/wa-bot/src/messageHandler.ts": {"lines":{"total":1516,"covered":653,"skipped":0,"pct":43.07},"functions":{"total":98,"covered":65,"skipped":0,"pct":66.32},"statements":{"total":1577,"covered":682,"skipped":0,"pct":43.24},"branches":{"total":843,"covered":276,"skipped":0,"pct":32.74}}
,"/Users/faiqnau/fight/bot-wa-bookstore/wa-bot/src/stateStore.ts": {"lines":{"total":63,"covered":53,"skipped":0,"pct":84.12},"functions":{"total":10,"covered":10,"skipped":0,"pct":100},"statements":{"total":64,"covered":54,"skipped":0,"pct":84.37},"branches":{"total":11,"covered":7,"skipped":0,"pct":63.63}}
}
