TN:
SF:src/aiClient.ts
FN:100,(anonymous_1)
FN:110,(anonymous_2)
FN:126,(anonymous_3)
FN:152,(anonymous_4)
FN:161,(anonymous_5)
FN:171,(anonymous_6)
FN:187,(anonymous_7)
FN:202,(anonymous_8)
FN:214,(anonymous_9)
FN:257,(anonymous_10)
FN:273,(anonymous_11)
FN:300,(anonymous_12)
FN:327,(anonymous_13)
FN:346,(anonymous_14)
FN:373,(anonymous_15)
FNF:15
FNH:4
FNDA:59,(anonymous_1)
FNDA:25,(anonymous_2)
FNDA:0,(anonymous_3)
FNDA:0,(anonymous_4)
FNDA:1,(anonymous_5)
FNDA:0,(anonymous_6)
FNDA:0,(anonymous_7)
FNDA:0,(anonymous_8)
FNDA:0,(anonymous_9)
FNDA:0,(anonymous_10)
FNDA:0,(anonymous_11)
FNDA:0,(anonymous_12)
FNDA:0,(anonymous_13)
FNDA:1,(anonymous_14)
FNDA:0,(anonymous_15)
DA:1,6
DA:2,6
DA:4,6
DA:97,6
DA:101,59
DA:111,25
DA:112,25
DA:113,25
DA:118,0
DA:119,0
DA:121,25
DA:122,25
DA:131,0
DA:132,0
DA:133,0
DA:134,0
DA:139,0
DA:140,0
DA:142,0
DA:144,0
DA:145,0
DA:147,0
DA:153,0
DA:154,0
DA:155,0
DA:157,0
DA:162,1
DA:163,1
DA:164,0
DA:166,1
DA:167,1
DA:172,0
DA:173,0
DA:174,0
DA:177,0
DA:178,0
DA:180,0
DA:181,0
DA:188,0
DA:189,0
DA:190,0
DA:194,0
DA:195,0
DA:197,0
DA:198,0
DA:203,0
DA:204,0
DA:205,0
DA:206,0
DA:207,0
DA:209,0
DA:210,0
DA:215,0
DA:216,0
DA:219,0
DA:220,0
DA:221,0
DA:223,0
DA:232,0
DA:233,0
DA:234,0
DA:235,0
DA:236,0
DA:239,0
DA:240,0
DA:241,0
DA:244,0
DA:245,0
DA:247,0
DA:248,0
DA:250,0
DA:252,0
DA:253,0
DA:258,0
DA:259,0
DA:260,0
DA:265,0
DA:266,0
DA:268,0
DA:269,0
DA:280,0
DA:281,0
DA:282,0
DA:292,0
DA:293,0
DA:295,0
DA:296,0
DA:304,0
DA:305,0
DA:306,0
DA:316,0
DA:317,0
DA:322,0
DA:323,0
DA:328,0
DA:329,0
DA:334,0
DA:336,0
DA:338,0
DA:347,1
DA:348,1
DA:350,1
DA:351,1
DA:352,1
DA:354,1
DA:356,1
DA:365,0
DA:366,0
DA:368,1
DA:369,1
DA:374,0
DA:375,0
DA:376,0
DA:377,0
DA:378,0
DA:380,0
DA:381,0
LF:117
LH:23
BRDA:110,0,0,0
BRDA:128,1,0,0
BRDA:136,2,0,0
BRDA:136,2,1,0
BRDA:144,3,0,0
BRDA:187,4,0,0
BRDA:232,5,0,0
BRDA:232,5,1,0
BRDA:234,6,0,0
BRDA:234,6,1,0
BRDA:235,7,0,0
BRDA:235,7,1,0
BRDA:236,8,0,0
BRDA:240,9,0,0
BRDA:257,10,0,0
BRDA:273,11,0,0
BRDA:300,12,0,0
BRDA:300,13,0,0
BRDA:332,14,0,0
BRDA:332,14,1,0
BRDA:365,15,0,0
BRDA:365,15,1,0
BRF:22
BRH:0
end_of_record
TN:
SF:src/baileysLoader.ts
FN:6,loadBaileys
FN:8,(anonymous_10)
FNF:2
FNH:2
FNDA:59,loadBaileys
FNDA:5,(anonymous_10)
DA:4,6
DA:6,6
DA:7,59
DA:8,5
DA:10,59
LF:5
LH:5
BRDA:7,0,0,5
BRF:1
BRH:1
end_of_record
TN:
SF:src/broadcastStore.ts
FN:68,(anonymous_1)
FN:165,(anonymous_2)
FN:259,(anonymous_3)
FN:287,(anonymous_4)
FN:295,(anonymous_5)
FN:303,(anonymous_6)
FN:310,(anonymous_7)
FN:327,(anonymous_8)
FN:340,(anonymous_9)
FN:348,(anonymous_10)
FN:361,(anonymous_11)
FN:374,(anonymous_12)
FN:381,(anonymous_13)
FN:390,(anonymous_14)
FN:400,(anonymous_15)
FN:414,initBroadcastStore
FN:426,getBroadcastStore
FNF:17
FNH:8
FNDA:59,(anonymous_1)
FNDA:59,(anonymous_2)
FNDA:0,(anonymous_3)
FNDA:0,(anonymous_4)
FNDA:0,(anonymous_5)
FNDA:2,(anonymous_6)
FNDA:1,(anonymous_7)
FNDA:0,(anonymous_8)
FNDA:0,(anonymous_9)
FNDA:0,(anonymous_10)
FNDA:0,(anonymous_11)
FNDA:1,(anonymous_12)
FNDA:0,(anonymous_13)
FNDA:0,(anonymous_14)
FNDA:54,(anonymous_15)
FNDA:59,initBroadcastStore
FNDA:4,getBroadcastStore
DA:1,6
DA:2,6
DA:3,6
DA:4,6
DA:6,6
DA:70,59
DA:71,59
DA:72,0
DA:75,59
DA:76,59
DA:77,59
DA:80,59
DA:83,59
DA:97,59
DA:103,59
DA:107,59
DA:114,59
DA:123,59
DA:128,59
DA:137,59
DA:143,59
DA:151,59
DA:155,59
DA:159,59
DA:167,59
DA:213,59
DA:214,59
DA:226,0
DA:230,59
DA:250,59
DA:260,0
DA:279,0
DA:280,0
DA:281,0
DA:288,0
DA:289,0
DA:296,0
DA:297,0
DA:304,2
DA:311,1
DA:313,1
DA:314,1
DA:316,0
DA:317,0
DA:328,0
DA:332,0
DA:333,0
DA:334,0
DA:341,0
DA:342,0
DA:349,0
DA:355,0
DA:362,0
DA:368,0
DA:375,1
DA:382,0
DA:383,0
DA:391,0
DA:392,0
DA:393,0
DA:394,0
DA:401,54
DA:402,54
DA:408,6
DA:414,6
DA:415,59
DA:416,54
DA:417,54
DA:419,59
DA:426,6
DA:427,4
DA:428,0
DA:430,4
DA:433,6
LF:74
LH:45
BRDA:6,0,0,6
BRDA:6,0,1,0
BRDA:71,1,0,0
BRDA:262,2,0,0
BRDA:262,2,1,0
BRDA:263,3,0,0
BRDA:263,3,1,0
BRDA:264,4,0,0
BRDA:264,4,1,0
BRDA:265,5,0,0
BRDA:265,5,1,0
BRDA:266,6,0,0
BRDA:266,6,1,0
BRDA:267,7,0,0
BRDA:267,7,1,0
BRDA:268,8,0,0
BRDA:268,8,1,0
BRDA:269,9,0,0
BRDA:269,9,1,0
BRDA:270,10,0,0
BRDA:270,10,1,0
BRDA:271,11,0,0
BRDA:271,11,1,0
BRDA:272,12,0,0
BRDA:272,12,1,0
BRDA:273,13,0,0
BRDA:273,13,1,0
BRDA:274,14,0,0
BRDA:274,14,1,0
BRDA:275,15,0,0
BRDA:275,15,1,0
BRDA:276,16,0,0
BRDA:276,16,1,0
BRDA:297,17,0,0
BRDA:297,17,1,0
BRDA:303,18,0,0
BRDA:342,19,0,0
BRDA:342,19,1,0
BRDA:415,20,0,54
BRDA:427,21,0,0
BRF:40
BRH:2
end_of_record
TN:
SF:src/detector.ts
FN:29,detectFGBBroadcast
FN:121,(anonymous_2)
FN:122,(anonymous_3)
FN:151,isOwnerMessage
FNF:4
FNH:3
FNDA:69,detectFGBBroadcast
FNDA:396,(anonymous_2)
FNDA:66,(anonymous_3)
FNDA:0,isOwnerMessage
DA:2,6
DA:4,6
DA:15,6
DA:25,6
DA:29,6
DA:30,69
DA:39,69
DA:40,69
DA:41,0
DA:42,0
DA:46,69
DA:47,69
DA:51,69
DA:58,69
DA:59,0
DA:60,0
DA:65,0
DA:66,0
DA:70,0
DA:71,0
DA:72,0
DA:73,0
DA:78,69
DA:79,3
DA:80,3
DA:81,3
DA:82,3
DA:83,1
DA:87,69
DA:88,0
DA:89,0
DA:90,0
DA:91,0
DA:92,0
DA:97,69
DA:98,0
DA:99,0
DA:100,0
DA:101,0
DA:102,0
DA:103,0
DA:104,0
DA:109,69
DA:112,69
DA:120,69
DA:121,396
DA:122,66
DA:124,66
DA:130,66
DA:131,34
DA:132,34
DA:133,34
DA:138,32
DA:139,17
DA:140,17
DA:141,17
DA:148,69
DA:151,6
DA:153,0
DA:154,0
LF:60
LH:36
BRDA:4,0,0,6
BRDA:4,0,1,0
BRDA:40,1,0,0
BRDA:51,2,0,69
BRDA:51,2,1,69
BRDA:51,2,2,4
BRDA:51,2,3,3
BRDA:51,2,4,3
BRDA:58,3,0,0
BRDA:60,4,0,0
BRDA:60,4,1,0
BRDA:60,4,2,0
BRDA:60,4,3,0
BRDA:60,4,4,0
BRDA:65,5,0,0
BRDA:65,6,0,0
BRDA:65,6,1,0
BRDA:70,7,0,0
BRDA:70,8,0,0
BRDA:70,8,1,0
BRDA:78,9,0,3
BRDA:82,10,0,1
BRDA:87,11,0,0
BRDA:91,12,0,0
BRDA:97,13,0,0
BRDA:99,14,0,0
BRDA:103,15,0,0
BRDA:120,16,0,66
BRDA:130,17,0,34
BRDA:130,17,1,32
BRDA:134,18,0,34
BRDA:134,18,1,0
BRDA:138,19,0,17
BRDA:153,20,0,0
BRF:34
BRH:13
end_of_record
TN:
SF:src/draftCommands.ts
FN:38,parseDraftCommand
FN:122,(anonymous_1)
FN:123,(anonymous_2)
FN:138,getDraftMenu
FN:198,formatDraftBubble
FN:215,getNavigationHints
FNF:6
FNH:0
FNDA:0,parseDraftCommand
FNDA:0,(anonymous_1)
FNDA:0,(anonymous_2)
FNDA:0,getDraftMenu
FNDA:0,formatDraftBubble
FNDA:0,getNavigationHints
DA:38,6
DA:39,0
DA:43,0
DA:44,0
DA:48,0
DA:49,0
DA:53,0
DA:54,0
DA:59,0
DA:60,0
DA:61,0
DA:62,0
DA:70,0
DA:71,0
DA:72,0
DA:73,0
DA:82,0
DA:83,0
DA:87,0
DA:88,0
DA:92,0
DA:93,0
DA:97,0
DA:98,0
DA:102,0
DA:103,0
DA:108,0
DA:109,0
DA:113,0
DA:114,0
DA:118,0
DA:119,0
DA:120,0
DA:122,0
DA:123,0
DA:125,0
DA:126,0
DA:131,0
DA:138,6
DA:146,0
DA:148,0
DA:149,0
DA:150,0
DA:151,0
DA:153,0
DA:154,0
DA:157,0
DA:158,0
DA:161,0
DA:162,0
DA:165,0
DA:166,0
DA:169,0
DA:172,0
DA:173,0
DA:175,0
DA:177,0
DA:178,0
DA:179,0
DA:182,0
DA:198,6
DA:202,0
DA:208,0
DA:215,6
DA:220,0
DA:222,0
DA:223,0
DA:226,0
DA:227,0
DA:230,0
DA:232,0
LF:71
LH:4
BRDA:43,0,0,0
BRDA:43,1,0,0
BRDA:43,1,1,0
BRDA:48,2,0,0
BRDA:48,3,0,0
BRDA:48,3,1,0
BRDA:48,3,2,0
BRDA:48,3,3,0
BRDA:53,4,0,0
BRDA:59,5,0,0
BRDA:61,6,0,0
BRDA:61,6,1,0
BRDA:65,7,0,0
BRDA:65,7,1,0
BRDA:65,8,0,0
BRDA:65,8,1,0
BRDA:70,9,0,0
BRDA:70,10,0,0
BRDA:70,10,1,0
BRDA:70,10,2,0
BRDA:72,11,0,0
BRDA:72,11,1,0
BRDA:76,12,0,0
BRDA:76,12,1,0
BRDA:76,13,0,0
BRDA:76,13,1,0
BRDA:82,14,0,0
BRDA:82,15,0,0
BRDA:82,15,1,0
BRDA:82,15,2,0
BRDA:87,16,0,0
BRDA:87,17,0,0
BRDA:87,17,1,0
BRDA:87,17,2,0
BRDA:92,18,0,0
BRDA:92,19,0,0
BRDA:92,19,1,0
BRDA:97,20,0,0
BRDA:102,21,0,0
BRDA:102,22,0,0
BRDA:102,22,1,0
BRDA:108,23,0,0
BRDA:108,24,0,0
BRDA:108,24,1,0
BRDA:108,24,2,0
BRDA:113,25,0,0
BRDA:113,26,0,0
BRDA:113,26,1,0
BRDA:113,26,2,0
BRDA:119,27,0,0
BRDA:123,28,0,0
BRDA:123,28,1,0
BRDA:125,29,0,0
BRDA:153,30,0,0
BRDA:157,31,0,0
BRDA:161,32,0,0
BRDA:165,33,0,0
BRDA:172,34,0,0
BRDA:177,35,0,0
BRDA:200,36,0,0
BRDA:222,37,0,0
BRDA:222,38,0,0
BRDA:222,38,1,0
BRDA:226,39,0,0
BRDA:230,40,0,0
BRF:65
BRH:0
end_of_record
TN:
SF:src/messageHandler.ts
FN:98,(anonymous_1)
FN:98,(anonymous_2)
FN:117,(anonymous_3)
FN:120,(anonymous_4)
FN:128,(anonymous_5)
FN:131,(anonymous_6)
FN:139,(anonymous_7)
FN:142,(anonymous_8)
FN:150,(anonymous_9)
FN:153,(anonymous_10)
FN:172,(anonymous_11)
FN:204,(anonymous_12)
FN:207,(anonymous_13)
FN:259,(anonymous_14)
FN:271,(anonymous_15)
FN:283,(anonymous_16)
FN:288,(anonymous_17)
FN:388,(anonymous_18)
FN:470,(anonymous_19)
FN:511,(anonymous_20)
FN:539,(anonymous_21)
FN:562,(anonymous_22)
FN:599,(anonymous_23)
FN:667,(anonymous_24)
FN:704,(anonymous_25)
FN:743,(anonymous_26)
FN:778,(anonymous_27)
FN:800,(anonymous_28)
FN:813,(anonymous_29)
FN:826,(anonymous_30)
FN:840,(anonymous_31)
FN:890,(anonymous_32)
FN:902,(anonymous_33)
FN:1152,(anonymous_34)
FN:1179,(anonymous_35)
FN:1206,(anonymous_36)
FN:1279,(anonymous_37)
FN:1305,(anonymous_38)
FN:1352,(anonymous_39)
FN:1442,(anonymous_40)
FN:1507,(anonymous_41)
FN:1526,(anonymous_42)
FN:1545,(anonymous_43)
FN:1598,(anonymous_44)
FN:1617,(anonymous_45)
FN:1752,(anonymous_46)
FN:1777,(anonymous_47)
FN:1800,(anonymous_48)
FN:1810,(anonymous_49)
FN:1873,(anonymous_50)
FN:1901,(anonymous_51)
FN:1937,(anonymous_52)
FN:1954,(anonymous_53)
FN:1958,(anonymous_54)
FN:2012,(anonymous_55)
FN:2051,(anonymous_56)
FN:2054,(anonymous_57)
FN:2055,(anonymous_58)
FN:2066,(anonymous_59)
FN:2067,(anonymous_60)
FN:2111,(anonymous_61)
FN:2128,(anonymous_62)
FN:2174,(anonymous_63)
FN:2190,(anonymous_64)
FN:2212,(anonymous_65)
FN:2227,(anonymous_66)
FN:2263,(anonymous_67)
FN:2291,(anonymous_68)
FN:2321,(anonymous_69)
FN:2372,(anonymous_70)
FN:2393,(anonymous_71)
FN:2440,(anonymous_72)
FN:2489,(anonymous_73)
FN:2619,(anonymous_74)
FN:2942,(anonymous_75)
FN:2974,(anonymous_76)
FN:3019,(anonymous_77)
FN:3040,(anonymous_78)
FN:3046,(anonymous_79)
FN:3055,(anonymous_80)
FN:3072,(anonymous_81)
FN:3124,(anonymous_82)
FN:3146,(anonymous_83)
FN:3174,(anonymous_84)
FN:3190,(anonymous_85)
FN:3379,(anonymous_86)
FN:3420,(anonymous_87)
FN:3455,(anonymous_88)
FN:3466,(anonymous_89)
FN:3476,(anonymous_90)
FN:3493,(anonymous_91)
FN:3502,(anonymous_92)
FN:3584,(anonymous_93)
FN:3636,(anonymous_94)
FN:3654,(anonymous_95)
FN:3667,(anonymous_96)
FNF:96
FNH:34
FNDA:0,(anonymous_1)
FNDA:0,(anonymous_2)
FNDA:764,(anonymous_3)
FNDA:175,(anonymous_4)
FNDA:111,(anonymous_5)
FNDA:127,(anonymous_6)
FNDA:47,(anonymous_7)
FNDA:115,(anonymous_8)
FNDA:55,(anonymous_9)
FNDA:117,(anonymous_10)
FNDA:59,(anonymous_11)
FNDA:59,(anonymous_12)
FNDA:0,(anonymous_13)
FNDA:115,(anonymous_14)
FNDA:33,(anonymous_15)
FNDA:28,(anonymous_16)
FNDA:115,(anonymous_17)
FNDA:29,(anonymous_18)
FNDA:8,(anonymous_19)
FNDA:1,(anonymous_20)
FNDA:1,(anonymous_21)
FNDA:1,(anonymous_22)
FNDA:0,(anonymous_23)
FNDA:5,(anonymous_24)
FNDA:2,(anonymous_25)
FNDA:2,(anonymous_26)
FNDA:0,(anonymous_27)
FNDA:0,(anonymous_28)
FNDA:0,(anonymous_29)
FNDA:0,(anonymous_30)
FNDA:0,(anonymous_31)
FNDA:115,(anonymous_32)
FNDA:32,(anonymous_33)
FNDA:0,(anonymous_34)
FNDA:33,(anonymous_35)
FNDA:25,(anonymous_36)
FNDA:0,(anonymous_37)
FNDA:0,(anonymous_38)
FNDA:0,(anonymous_39)
FNDA:0,(anonymous_40)
FNDA:0,(anonymous_41)
FNDA:0,(anonymous_42)
FNDA:0,(anonymous_43)
FNDA:72,(anonymous_44)
FNDA:33,(anonymous_45)
FNDA:12,(anonymous_46)
FNDA:0,(anonymous_47)
FNDA:0,(anonymous_48)
FNDA:0,(anonymous_49)
FNDA:4,(anonymous_50)
FNDA:0,(anonymous_51)
FNDA:0,(anonymous_52)
FNDA:0,(anonymous_53)
FNDA:0,(anonymous_54)
FNDA:0,(anonymous_55)
FNDA:0,(anonymous_56)
FNDA:0,(anonymous_57)
FNDA:0,(anonymous_58)
FNDA:0,(anonymous_59)
FNDA:0,(anonymous_60)
FNDA:0,(anonymous_61)
FNDA:0,(anonymous_62)
FNDA:0,(anonymous_63)
FNDA:0,(anonymous_64)
FNDA:0,(anonymous_65)
FNDA:0,(anonymous_66)
FNDA:12,(anonymous_67)
FNDA:0,(anonymous_68)
FNDA:0,(anonymous_69)
FNDA:0,(anonymous_70)
FNDA:0,(anonymous_71)
FNDA:0,(anonymous_72)
FNDA:0,(anonymous_73)
FNDA:0,(anonymous_74)
FNDA:0,(anonymous_75)
FNDA:0,(anonymous_76)
FNDA:0,(anonymous_77)
FNDA:0,(anonymous_78)
FNDA:0,(anonymous_79)
FNDA:0,(anonymous_80)
FNDA:0,(anonymous_81)
FNDA:0,(anonymous_82)
FNDA:0,(anonymous_83)
FNDA:1,(anonymous_84)
FNDA:0,(anonymous_85)
FNDA:1,(anonymous_86)
FNDA:0,(anonymous_87)
FNDA:0,(anonymous_88)
FNDA:0,(anonymous_89)
FNDA:0,(anonymous_90)
FNDA:0,(anonymous_91)
FNDA:0,(anonymous_92)
FNDA:0,(anonymous_93)
FNDA:0,(anonymous_94)
FNDA:0,(anonymous_95)
FNDA:2,(anonymous_96)
DA:1,6
DA:2,6
DA:4,6
DA:5,6
DA:6,6
DA:7,6
DA:8,6
DA:9,6
DA:10,6
DA:12,6
DA:98,6
DA:104,6
DA:108,59
DA:109,59
DA:110,59
DA:111,59
DA:114,59
DA:118,764
DA:121,175
DA:122,71
DA:124,104
DA:129,111
DA:132,127
DA:133,12
DA:135,115
DA:140,47
DA:143,115
DA:144,0
DA:146,115
DA:151,55
DA:154,117
DA:155,1
DA:157,116
DA:162,59
DA:173,59
DA:175,59
DA:176,59
DA:177,59
DA:179,59
DA:181,59
DA:183,59
DA:185,59
DA:186,59
DA:187,59
DA:189,0
DA:193,59
DA:194,0
DA:198,59
DA:205,59
DA:207,59
DA:208,0
DA:209,0
DA:211,0
DA:212,0
DA:215,0
DA:218,0
DA:223,0
DA:224,0
DA:225,0
DA:226,0
DA:227,0
DA:230,0
DA:231,0
DA:236,0
DA:242,0
DA:243,0
DA:246,0
DA:250,59
DA:260,115
DA:261,115
DA:262,115
DA:263,115
DA:264,115
DA:272,33
DA:273,33
DA:274,33
DA:276,0
DA:284,28
DA:285,28
DA:289,115
DA:291,115
DA:292,115
DA:293,0
DA:294,0
DA:298,115
DA:301,115
DA:302,0
DA:303,0
DA:307,115
DA:310,115
DA:312,115
DA:315,115
DA:318,115
DA:325,115
DA:326,29
DA:327,29
DA:331,86
DA:332,86
DA:333,7
DA:334,7
DA:338,79
DA:339,32
DA:340,32
DA:341,32
DA:345,47
DA:346,0
DA:347,0
DA:351,47
DA:352,0
DA:353,0
DA:359,47
DA:360,0
DA:361,0
DA:365,47
DA:367,47
DA:368,33
DA:371,33
DA:372,0
DA:374,33
DA:376,14
DA:378,1
DA:379,1
DA:381,13
DA:384,0
DA:389,29
DA:390,29
DA:391,29
DA:393,29
DA:394,29
DA:396,1
DA:397,1
DA:400,1
DA:401,1
DA:404,0
DA:405,0
DA:408,0
DA:409,0
DA:412,1
DA:413,1
DA:414,1
DA:417,0
DA:418,0
DA:421,0
DA:422,0
DA:425,12
DA:426,12
DA:429,4
DA:430,4
DA:433,0
DA:434,0
DA:437,1
DA:438,1
DA:441,0
DA:442,0
DA:445,5
DA:446,5
DA:449,2
DA:450,2
DA:453,2
DA:454,2
DA:461,0
DA:464,0
DA:465,0
DA:466,0
DA:471,8
DA:512,1
DA:515,1
DA:516,1
DA:517,1
DA:518,0
DA:520,1
DA:524,1
DA:525,1
DA:526,1
DA:527,1
DA:528,1
DA:529,1
DA:531,1
DA:532,1
DA:539,1
DA:540,1
DA:541,1
DA:544,1
DA:563,1
DA:564,1
DA:566,1
DA:567,1
DA:570,1
DA:573,0
DA:574,0
DA:576,0
DA:577,0
DA:578,0
DA:579,0
DA:580,0
DA:586,0
DA:587,0
DA:590,0
DA:592,0
DA:594,0
DA:595,0
DA:600,0
DA:601,0
DA:603,0
DA:604,0
DA:607,0
DA:611,0
DA:613,0
DA:617,0
DA:618,0
DA:619,0
DA:621,0
DA:623,0
DA:627,0
DA:628,0
DA:633,0
DA:639,0
DA:641,0
DA:642,0
DA:645,0
DA:646,0
DA:647,0
DA:650,0
DA:651,0
DA:655,0
DA:659,0
DA:660,0
DA:668,5
DA:670,5
DA:671,2
DA:674,2
DA:678,3
DA:679,0
DA:680,0
DA:683,0
DA:687,3
DA:688,0
DA:689,0
DA:692,0
DA:695,3
DA:705,2
DA:706,2
DA:708,2
DA:709,2
DA:711,2
DA:712,2
DA:715,2
DA:718,0
DA:720,0
DA:721,0
DA:722,0
DA:726,0
DA:727,0
DA:730,0
DA:732,0
DA:734,0
DA:735,0
DA:744,2
DA:745,1
DA:748,1
DA:751,1
DA:752,1
DA:754,1
DA:755,1
DA:758,1
DA:761,0
DA:763,0
DA:764,0
DA:765,0
DA:767,0
DA:768,0
DA:771,0
DA:773,0
DA:774,0
DA:779,0
DA:781,0
DA:782,0
DA:785,0
DA:788,0
DA:789,0
DA:790,0
DA:794,0
DA:801,0
DA:802,0
DA:803,0
DA:807,0
DA:814,0
DA:815,0
DA:817,0
DA:818,0
DA:820,0
DA:821,0
DA:822,0
DA:825,0
DA:826,0
DA:827,0
DA:828,0
DA:831,0
DA:833,0
DA:835,0
DA:836,0
DA:841,0
DA:842,0
DA:843,0
DA:846,0
DA:847,0
DA:856,0
DA:860,0
DA:861,0
DA:862,0
DA:864,0
DA:865,0
DA:868,0
DA:871,0
DA:872,0
DA:873,0
DA:876,0
DA:878,0
DA:879,0
DA:882,0
DA:885,0
DA:886,0
DA:891,115
DA:892,115
DA:894,115
DA:903,32
DA:905,32
DA:908,32
DA:909,0
DA:910,0
DA:911,0
DA:915,32
DA:916,0
DA:919,0
DA:920,0
DA:923,0
DA:927,0
DA:929,0
DA:930,0
DA:932,0
DA:933,0
DA:934,0
DA:935,0
DA:936,0
DA:939,0
DA:941,0
DA:942,0
DA:944,0
DA:945,0
DA:946,0
DA:947,0
DA:948,0
DA:952,0
DA:953,0
DA:954,0
DA:955,0
DA:959,0
DA:962,0
DA:966,32
DA:967,32
DA:970,32
DA:972,0
DA:973,0
DA:974,0
DA:977,0
DA:978,0
DA:980,0
DA:982,0
DA:983,0
DA:984,0
DA:988,32
DA:989,25
DA:991,25
DA:992,25
DA:994,25
DA:995,25
DA:999,7
DA:1000,1
DA:1001,1
DA:1002,1
DA:1006,6
DA:1009,6
DA:1013,0
DA:1015,0
DA:1016,0
DA:1017,0
DA:1018,0
DA:1022,0
DA:1023,0
DA:1025,0
DA:1026,0
DA:1027,0
DA:1029,0
DA:1030,0
DA:1031,0
DA:1033,0
DA:1034,0
DA:1035,0
DA:1036,0
DA:1040,0
DA:1041,0
DA:1042,0
DA:1043,0
DA:1047,0
DA:1049,0
DA:1051,0
DA:1052,0
DA:1054,0
DA:1055,0
DA:1058,0
DA:1059,0
DA:1060,0
DA:1064,0
DA:1074,0
DA:1078,0
DA:1079,0
DA:1081,0
DA:1083,0
DA:1084,0
DA:1085,0
DA:1088,0
DA:1089,0
DA:1090,0
DA:1094,0
DA:1095,0
DA:1096,0
DA:1098,0
DA:1102,0
DA:1103,0
DA:1107,0
DA:1108,0
DA:1112,0
DA:1113,0
DA:1115,0
DA:1118,0
DA:1119,0
DA:1122,0
DA:1123,0
DA:1124,0
DA:1128,0
DA:1129,0
DA:1130,0
DA:1133,0
DA:1134,0
DA:1136,0
DA:1137,0
DA:1138,0
DA:1139,0
DA:1143,0
DA:1153,0
DA:1155,0
DA:1164,0
DA:1165,0
DA:1170,0
DA:1180,33
DA:1182,33
DA:1194,33
DA:1195,0
DA:1200,33
DA:1207,25
DA:1208,0
DA:1209,0
DA:1210,0
DA:1213,25
DA:1214,25
DA:1217,25
DA:1223,0
DA:1226,0
DA:1227,0
DA:1230,0
DA:1231,0
DA:1232,0
DA:1233,0
DA:1236,0
DA:1238,0
DA:1239,0
DA:1240,0
DA:1242,0
DA:1243,0
DA:1244,0
DA:1246,0
DA:1257,0
DA:1258,0
DA:1263,0
DA:1266,25
DA:1267,25
DA:1268,25
DA:1280,0
DA:1283,0
DA:1284,0
DA:1285,0
DA:1286,0
DA:1287,0
DA:1292,0
DA:1293,0
DA:1294,0
DA:1295,0
DA:1296,0
DA:1299,0
DA:1306,0
DA:1307,0
DA:1308,0
DA:1309,0
DA:1312,0
DA:1313,0
DA:1315,0
DA:1317,0
DA:1319,0
DA:1322,0
DA:1323,0
DA:1324,0
DA:1325,0
DA:1326,0
DA:1329,0
DA:1330,0
DA:1331,0
DA:1336,0
DA:1342,0
DA:1346,0
DA:1347,0
DA:1348,0
DA:1353,0
DA:1354,0
DA:1357,0
DA:1361,0
DA:1362,0
DA:1364,0
DA:1365,0
DA:1368,0
DA:1369,0
DA:1372,0
DA:1373,0
DA:1376,0
DA:1386,0
DA:1387,0
DA:1388,0
DA:1393,0
DA:1394,0
DA:1399,0
DA:1402,0
DA:1403,0
DA:1404,0
DA:1421,0
DA:1423,0
DA:1427,0
DA:1428,0
DA:1433,0
DA:1434,0
DA:1438,0
DA:1443,0
DA:1444,0
DA:1447,0
DA:1450,0
DA:1451,0
DA:1453,0
DA:1454,0
DA:1455,0
DA:1458,0
DA:1477,0
DA:1479,0
DA:1485,0
DA:1486,0
DA:1488,0
DA:1492,0
DA:1495,0
DA:1496,0
DA:1500,0
DA:1508,0
DA:1509,0
DA:1510,0
DA:1513,0
DA:1514,0
DA:1515,0
DA:1517,0
DA:1519,0
DA:1520,0
DA:1521,0
DA:1525,0
DA:1526,0
DA:1527,0
DA:1529,0
DA:1532,0
DA:1533,0
DA:1535,0
DA:1537,0
DA:1538,0
DA:1546,0
DA:1547,0
DA:1548,0
DA:1551,0
DA:1552,0
DA:1553,0
DA:1555,0
DA:1557,0
DA:1558,0
DA:1559,0
DA:1563,0
DA:1566,0
DA:1569,0
DA:1570,0
DA:1571,0
DA:1575,0
DA:1576,0
DA:1577,0
DA:1580,0
DA:1581,0
DA:1584,0
DA:1589,0
DA:1593,0
DA:1594,0
DA:1600,72
DA:1602,27
DA:1603,0
DA:1604,0
DA:1605,0
DA:1606,0
DA:1609,0
DA:1612,27
DA:1613,27
DA:1621,33
DA:1622,33
DA:1623,0
DA:1624,0
DA:1628,33
DA:1630,33
DA:1632,33
DA:1634,33
DA:1646,33
DA:1647,0
DA:1648,0
DA:1649,0
DA:1650,0
DA:1651,0
DA:1658,0
DA:1659,0
DA:1660,0
DA:1661,0
DA:1662,0
DA:1666,0
DA:1667,0
DA:1668,0
DA:1670,0
DA:1671,0
DA:1673,0
DA:1674,0
DA:1676,0
DA:1682,33
DA:1684,33
DA:1691,33
DA:1693,33
DA:1694,33
DA:1697,0
DA:1703,0
DA:1706,0
DA:1716,0
DA:1717,0
DA:1722,0
DA:1727,0
DA:1733,0
DA:1734,0
DA:1739,0
DA:1740,0
DA:1741,0
DA:1742,0
DA:1744,0
DA:1754,12
DA:1755,12
DA:1756,11
DA:1757,11
DA:1758,11
DA:1763,12
DA:1764,12
DA:1767,12
DA:1777,12
DA:1778,0
DA:1779,0
DA:1783,12
DA:1784,12
DA:1797,12
DA:1805,0
DA:1808,0
DA:1809,0
DA:1810,0
DA:1811,0
DA:1812,0
DA:1817,0
DA:1819,0
DA:1821,0
DA:1822,0
DA:1823,0
DA:1824,0
DA:1825,0
DA:1826,0
DA:1832,0
DA:1833,0
DA:1834,0
DA:1836,0
DA:1837,0
DA:1838,0
DA:1840,0
DA:1841,0
DA:1842,0
DA:1844,0
DA:1850,0
DA:1855,0
DA:1856,0
DA:1858,0
DA:1861,0
DA:1863,0
DA:1864,0
DA:1865,0
DA:1867,0
DA:1874,4
DA:1875,4
DA:1878,4
DA:1882,0
DA:1883,0
DA:1886,0
DA:1887,0
DA:1890,0
DA:1891,0
DA:1894,0
DA:1898,0
DA:1902,0
DA:1904,0
DA:1905,0
DA:1906,0
DA:1908,0
DA:1909,0
DA:1911,0
DA:1913,0
DA:1918,0
DA:1921,0
DA:1922,0
DA:1923,0
DA:1925,0
DA:1928,0
DA:1929,0
DA:1930,0
DA:1935,0
DA:1936,0
DA:1937,0
DA:1941,0
DA:1942,0
DA:1945,0
DA:1946,0
DA:1950,0
DA:1951,0
DA:1955,0
DA:1957,0
DA:1958,0
DA:1961,0
DA:1962,0
DA:1965,0
DA:1967,0
DA:1968,0
DA:1969,0
DA:1970,0
DA:1971,0
DA:1974,0
DA:1975,0
DA:1976,0
DA:1978,0
DA:1979,0
DA:1982,0
DA:1983,0
DA:1985,0
DA:1988,0
DA:1989,0
DA:1992,0
DA:1993,0
DA:1994,0
DA:1995,0
DA:1996,0
DA:1997,0
DA:1998,0
DA:2001,0
DA:2003,0
DA:2004,0
DA:2005,0
DA:2008,0
DA:2013,0
DA:2015,0
DA:2017,0
DA:2019,0
DA:2020,0
DA:2021,0
DA:2024,0
DA:2025,0
DA:2026,0
DA:2030,0
DA:2031,0
DA:2034,0
DA:2036,0
DA:2039,0
DA:2040,0
DA:2041,0
DA:2044,0
DA:2052,0
DA:2054,0
DA:2055,0
DA:2057,0
DA:2058,0
DA:2061,0
DA:2065,0
DA:2066,0
DA:2067,0
DA:2070,0
DA:2075,0
DA:2076,0
DA:2077,0
DA:2078,0
DA:2079,0
DA:2080,0
DA:2085,0
DA:2089,0
DA:2090,0
DA:2092,0
DA:2097,0
DA:2102,0
DA:2103,0
DA:2108,0
DA:2113,0
DA:2114,0
DA:2116,0
DA:2117,0
DA:2118,0
DA:2122,0
DA:2123,0
DA:2126,0
DA:2127,0
DA:2128,0
DA:2131,0
DA:2132,0
DA:2136,0
DA:2137,0
DA:2138,0
DA:2140,0
DA:2142,0
DA:2143,0
DA:2148,0
DA:2153,0
DA:2154,0
DA:2157,0
DA:2158,0
DA:2159,0
DA:2163,0
DA:2167,0
DA:2171,0
DA:2176,0
DA:2177,0
DA:2179,0
DA:2180,0
DA:2181,0
DA:2185,0
DA:2186,0
DA:2189,0
DA:2190,0
DA:2194,0
DA:2195,0
DA:2197,0
DA:2198,0
DA:2199,0
DA:2200,0
DA:2203,0
DA:2204,0
DA:2205,0
DA:2206,0
DA:2207,0
DA:2208,0
DA:2209,0
DA:2212,0
DA:2213,0
DA:2214,0
DA:2215,0
DA:2220,0
DA:2224,0
DA:2227,0
DA:2228,0
DA:2231,0
DA:2236,0
DA:2246,0
DA:2250,0
DA:2253,0
DA:2254,0
DA:2260,0
DA:2264,12
DA:2266,0
DA:2267,0
DA:2271,0
DA:2272,0
DA:2273,0
DA:2274,0
DA:2275,0
DA:2276,0
DA:2279,0
DA:2284,0
DA:2285,0
DA:2292,0
DA:2293,0
DA:2296,0
DA:2300,0
DA:2301,0
DA:2302,0
DA:2304,0
DA:2305,0
DA:2310,0
DA:2312,0
DA:2313,0
DA:2316,0
DA:2320,0
DA:2321,0
DA:2323,0
DA:2324,0
DA:2325,0
DA:2327,0
DA:2328,0
DA:2332,0
DA:2342,0
DA:2343,0
DA:2348,0
DA:2349,0
DA:2350,0
DA:2352,0
DA:2353,0
DA:2354,0
DA:2355,0
DA:2357,0
DA:2358,0
DA:2359,0
DA:2365,0
DA:2368,0
DA:2372,0
DA:2376,0
DA:2377,0
DA:2378,0
DA:2382,0
DA:2385,0
DA:2386,0
DA:2389,0
DA:2394,0
DA:2397,0
DA:2398,0
DA:2399,0
DA:2400,0
DA:2404,0
DA:2405,0
DA:2406,0
DA:2407,0
DA:2408,0
DA:2409,0
DA:2412,0
DA:2413,0
DA:2414,0
DA:2415,0
DA:2416,0
DA:2417,0
DA:2419,0
DA:2423,0
DA:2424,0
DA:2425,0
DA:2426,0
DA:2428,0
DA:2429,0
DA:2430,0
DA:2435,0
DA:2438,0
DA:2440,0
DA:2443,0
DA:2444,0
DA:2445,0
DA:2450,0
DA:2453,0
DA:2455,0
DA:2456,0
DA:2461,0
DA:2462,0
DA:2463,0
DA:2464,0
DA:2465,0
DA:2466,0
DA:2468,0
DA:2472,0
DA:2473,0
DA:2474,0
DA:2475,0
DA:2477,0
DA:2478,0
DA:2479,0
DA:2484,0
DA:2487,0
DA:2489,0
DA:2492,0
DA:2493,0
DA:2494,0
DA:2499,0
DA:2502,0
DA:2504,0
DA:2505,0
DA:2509,0
DA:2511,0
DA:2512,0
DA:2513,0
DA:2514,0
DA:2516,0
DA:2519,0
DA:2520,0
DA:2525,0
DA:2526,0
DA:2528,0
DA:2529,0
DA:2533,0
DA:2534,0
DA:2539,0
DA:2540,0
DA:2542,0
DA:2543,0
DA:2547,0
DA:2548,0
DA:2549,0
DA:2550,0
DA:2551,0
DA:2552,0
DA:2555,0
DA:2560,0
DA:2561,0
DA:2562,0
DA:2565,0
DA:2569,0
DA:2570,0
DA:2573,0
DA:2577,0
DA:2578,0
DA:2579,0
DA:2580,0
DA:2584,0
DA:2589,0
DA:2594,0
DA:2595,0
DA:2598,0
DA:2600,0
DA:2601,0
DA:2604,0
DA:2605,0
DA:2606,0
DA:2607,0
DA:2608,0
DA:2609,0
DA:2611,0
DA:2613,0
DA:2614,0
DA:2615,0
DA:2616,0
DA:2617,0
DA:2618,0
DA:2619,0
DA:2621,0
DA:2624,0
DA:2628,0
DA:2629,0
DA:2630,0
DA:2631,0
DA:2635,0
DA:2637,0
DA:2638,0
DA:2647,0
DA:2650,0
DA:2653,0
DA:2670,0
DA:2671,0
DA:2672,0
DA:2676,0
DA:2678,0
DA:2679,0
DA:2680,0
DA:2682,0
DA:2686,0
DA:2688,0
DA:2696,0
DA:2706,0
DA:2709,0
DA:2710,0
DA:2711,0
DA:2716,0
DA:2722,0
DA:2726,0
DA:2727,0
DA:2730,0
DA:2731,0
DA:2734,0
DA:2735,0
DA:2739,0
DA:2742,0
DA:2744,0
DA:2745,0
DA:2746,0
DA:2748,0
DA:2749,0
DA:2752,0
DA:2756,0
DA:2757,0
DA:2758,0
DA:2759,0
DA:2762,0
DA:2765,0
DA:2769,0
DA:2770,0
DA:2772,0
DA:2773,0
DA:2775,0
DA:2778,0
DA:2779,0
DA:2780,0
DA:2781,0
DA:2782,0
DA:2783,0
DA:2784,0
DA:2787,0
DA:2788,0
DA:2793,0
DA:2794,0
DA:2795,0
DA:2796,0
DA:2801,0
DA:2805,0
DA:2808,0
DA:2812,0
DA:2813,0
DA:2814,0
DA:2815,0
DA:2819,0
DA:2822,0
DA:2826,0
DA:2828,0
DA:2829,0
DA:2830,0
DA:2831,0
DA:2835,0
DA:2836,0
DA:2838,0
DA:2839,0
DA:2845,0
DA:2856,0
DA:2857,0
DA:2860,0
DA:2861,0
DA:2862,0
DA:2867,0
DA:2872,0
DA:2875,0
DA:2877,0
DA:2878,0
DA:2879,0
DA:2884,0
DA:2886,0
DA:2887,0
DA:2890,0
DA:2891,0
DA:2892,0
DA:2896,0
DA:2897,0
DA:2898,0
DA:2902,0
DA:2904,0
DA:2908,0
DA:2909,0
DA:2913,0
DA:2915,0
DA:2916,0
DA:2918,0
DA:2921,0
DA:2922,0
DA:2926,0
DA:2927,0
DA:2929,0
DA:2930,0
DA:2931,0
DA:2933,0
DA:2934,0
DA:2935,0
DA:2939,0
DA:2941,0
DA:2942,0
DA:2943,0
DA:2945,0
DA:2947,0
DA:2950,0
DA:2951,0
DA:2954,0
DA:2955,0
DA:2956,0
DA:2961,0
DA:2962,0
DA:2964,0
DA:2965,0
DA:2966,0
DA:2968,0
DA:2969,0
DA:2970,0
DA:2974,0
DA:2975,0
DA:2979,0
DA:2982,0
DA:2983,0
DA:2984,0
DA:2989,0
DA:2994,0
DA:2998,0
DA:2999,0
DA:3002,0
DA:3003,0
DA:3004,0
DA:3009,0
DA:3010,0
DA:3011,0
DA:3012,0
DA:3016,0
DA:3026,0
DA:3028,0
DA:3031,0
DA:3032,0
DA:3040,0
DA:3041,0
DA:3042,0
DA:3046,0
DA:3047,0
DA:3049,0
DA:3053,0
DA:3054,0
DA:3055,0
DA:3057,0
DA:3058,0
DA:3060,0
DA:3061,0
DA:3063,0
DA:3065,0
DA:3069,0
DA:3073,0
DA:3074,0
DA:3077,0
DA:3081,0
DA:3082,0
DA:3084,0
DA:3085,0
DA:3088,0
DA:3089,0
DA:3092,0
DA:3093,0
DA:3096,0
DA:3097,0
DA:3102,0
DA:3107,0
DA:3109,0
DA:3110,0
DA:3115,0
DA:3116,0
DA:3120,0
DA:3125,0
DA:3127,0
DA:3128,0
DA:3129,0
DA:3130,0
DA:3131,0
DA:3134,0
DA:3137,0
DA:3138,0
DA:3148,0
DA:3151,0
DA:3156,0
DA:3167,0
DA:3176,1
DA:3179,1
DA:3184,1
DA:3187,1
DA:3191,0
DA:3194,0
DA:3195,0
DA:3196,0
DA:3197,0
DA:3200,0
DA:3203,0
DA:3204,0
DA:3205,0
DA:3206,0
DA:3210,0
DA:3212,0
DA:3213,0
DA:3214,0
DA:3215,0
DA:3218,0
DA:3222,0
DA:3224,0
DA:3226,0
DA:3227,0
DA:3230,0
DA:3231,0
DA:3232,0
DA:3233,0
DA:3235,0
DA:3238,0
DA:3241,0
DA:3242,0
DA:3243,0
DA:3250,0
DA:3254,0
DA:3255,0
DA:3257,0
DA:3258,0
DA:3259,0
DA:3261,0
DA:3275,0
DA:3279,0
DA:3281,0
DA:3283,0
DA:3284,0
DA:3285,0
DA:3287,0
DA:3288,0
DA:3290,0
DA:3292,0
DA:3293,0
DA:3296,0
DA:3299,0
DA:3300,0
DA:3301,0
DA:3302,0
DA:3305,0
DA:3308,0
DA:3312,0
DA:3313,0
DA:3315,0
DA:3317,0
DA:3318,0
DA:3319,0
DA:3323,0
DA:3326,0
DA:3329,0
DA:3330,0
DA:3333,0
DA:3336,0
DA:3337,0
DA:3340,0
DA:3341,0
DA:3344,0
DA:3345,0
DA:3347,0
DA:3350,0
DA:3351,0
DA:3354,0
DA:3355,0
DA:3356,0
DA:3360,0
DA:3361,0
DA:3362,0
DA:3364,0
DA:3365,0
DA:3367,0
DA:3368,0
DA:3369,0
DA:3372,0
DA:3376,0
DA:3380,1
DA:3382,1
DA:3383,1
DA:3384,1
DA:3386,1
DA:3389,1
DA:3390,1
DA:3393,1
DA:3394,1
DA:3395,1
DA:3397,1
DA:3398,1
DA:3401,1
DA:3403,0
DA:3404,0
DA:3407,0
DA:3408,0
DA:3409,0
DA:3412,0
DA:3413,0
DA:3414,0
DA:3420,0
DA:3425,0
DA:3434,0
DA:3447,1
DA:3448,1
DA:3451,1
DA:3456,0
DA:3457,0
DA:3460,0
DA:3461,0
DA:3462,0
DA:3466,0
DA:3467,0
DA:3468,0
DA:3473,0
DA:3474,0
DA:3475,0
DA:3476,0
DA:3478,0
DA:3479,0
DA:3480,0
DA:3481,0
DA:3483,0
DA:3485,0
DA:3487,0
DA:3493,0
DA:3494,0
DA:3496,0
DA:3499,0
DA:3503,0
DA:3504,0
DA:3505,0
DA:3506,0
DA:3509,0
DA:3510,0
DA:3512,0
DA:3521,0
DA:3523,0
DA:3524,0
DA:3527,0
DA:3528,0
DA:3529,0
DA:3532,0
DA:3533,0
DA:3535,0
DA:3536,0
DA:3537,0
DA:3538,0
DA:3539,0
DA:3542,0
DA:3547,0
DA:3548,0
DA:3552,0
DA:3553,0
DA:3554,0
DA:3557,0
DA:3558,0
DA:3563,0
DA:3570,0
DA:3574,0
DA:3576,0
DA:3577,0
DA:3580,0
DA:3585,0
DA:3586,0
DA:3587,0
DA:3590,0
DA:3591,0
DA:3593,0
DA:3594,0
DA:3597,0
DA:3598,0
DA:3601,0
DA:3602,0
DA:3605,0
DA:3606,0
DA:3611,0
DA:3616,0
DA:3617,0
DA:3619,0
DA:3624,0
DA:3625,0
DA:3629,0
DA:3637,0
DA:3638,0
DA:3639,0
DA:3642,0
DA:3643,0
DA:3644,0
DA:3646,0
DA:3648,0
DA:3649,0
DA:3650,0
DA:3653,0
DA:3654,0
DA:3655,0
DA:3657,0
DA:3659,0
DA:3662,0
DA:3663,0
DA:3668,2
DA:3670,1
DA:3671,1
DA:3672,1
DA:3673,1
DA:3674,1
DA:3677,0
DA:3680,1
DA:3681,1
LF:1491
LH:253
BRDA:12,0,0,6
BRDA:12,0,1,0
BRDA:118,1,0,764
BRDA:118,1,1,173
BRDA:121,2,0,71
BRDA:121,2,1,104
BRDA:129,3,0,111
BRDA:129,3,1,99
BRDA:132,4,0,12
BRDA:132,4,1,115
BRDA:140,5,0,47
BRDA:140,5,1,47
BRDA:143,6,0,0
BRDA:143,6,1,115
BRDA:151,7,0,55
BRDA:151,7,1,48
BRDA:154,8,0,1
BRDA:154,8,1,116
BRDA:176,9,0,0
BRDA:177,10,0,59
BRDA:179,11,0,0
BRDA:179,11,1,59
BRDA:181,12,0,59
BRDA:181,12,1,0
BRDA:183,13,0,59
BRDA:183,13,1,0
BRDA:185,14,0,59
BRDA:185,14,1,0
BRDA:193,15,0,0
BRDA:211,16,0,0
BRDA:218,17,0,0
BRDA:218,17,1,0
BRDA:219,18,0,0
BRDA:219,18,1,0
BRDA:224,19,0,0
BRDA:230,20,0,0
BRDA:230,20,1,0
BRDA:230,21,0,0
BRDA:230,21,1,0
BRDA:233,22,0,0
BRDA:233,22,1,0
BRDA:237,23,0,0
BRDA:237,23,1,0
BRDA:271,24,0,33
BRDA:273,25,0,33
BRDA:273,25,1,0
BRDA:292,26,0,0
BRDA:301,27,0,0
BRDA:325,28,0,29
BRDA:327,29,0,29
BRDA:332,30,0,7
BRDA:338,31,0,32
BRDA:341,32,0,32
BRDA:345,33,0,0
BRDA:345,34,0,47
BRDA:345,34,1,0
BRDA:347,35,0,0
BRDA:351,36,0,0
BRDA:353,37,0,0
BRDA:359,38,0,0
BRDA:361,39,0,0
BRDA:367,40,0,33
BRDA:367,40,1,14
BRDA:371,41,0,0
BRDA:371,41,1,33
BRDA:371,42,0,33
BRDA:371,42,1,0
BRDA:376,43,0,1
BRDA:376,43,1,13
BRDA:376,44,0,14
BRDA:376,44,1,1
BRDA:394,45,0,1
BRDA:394,45,1,1
BRDA:394,45,2,0
BRDA:394,45,3,0
BRDA:394,45,4,1
BRDA:394,45,5,0
BRDA:394,45,6,0
BRDA:394,45,7,12
BRDA:394,45,8,4
BRDA:394,45,9,0
BRDA:394,45,10,1
BRDA:394,45,11,0
BRDA:394,45,12,5
BRDA:394,45,13,2
BRDA:394,45,14,2
BRDA:394,45,15,0
BRDA:512,46,0,0
BRDA:512,46,1,1
BRDA:524,47,0,1
BRDA:524,47,1,0
BRDA:525,48,0,1
BRDA:525,48,1,0
BRDA:528,49,0,1
BRDA:528,50,0,1
BRDA:528,50,1,1
BRDA:531,51,0,1
BRDA:531,52,0,1
BRDA:531,52,1,1
BRDA:566,53,0,1
BRDA:586,54,0,0
BRDA:586,54,1,0
BRDA:587,55,0,0
BRDA:587,55,1,0
BRDA:603,56,0,0
BRDA:623,57,0,0
BRDA:623,57,1,0
BRDA:624,58,0,0
BRDA:624,58,1,0
BRDA:627,59,0,0
BRDA:627,59,1,0
BRDA:627,60,0,0
BRDA:627,60,1,0
BRDA:630,61,0,0
BRDA:630,61,1,0
BRDA:634,62,0,0
BRDA:634,62,1,0
BRDA:645,63,0,0
BRDA:670,64,0,2
BRDA:670,65,0,5
BRDA:670,65,1,4
BRDA:678,66,0,0
BRDA:678,67,0,3
BRDA:678,67,1,0
BRDA:687,68,0,0
BRDA:705,69,0,2
BRDA:705,69,1,1
BRDA:711,70,0,2
BRDA:721,71,0,0
BRDA:721,71,1,0
BRDA:721,72,0,0
BRDA:721,72,1,0
BRDA:722,73,0,0
BRDA:722,73,1,0
BRDA:727,74,0,0
BRDA:727,74,1,0
BRDA:744,75,0,1
BRDA:754,76,0,1
BRDA:764,77,0,0
BRDA:764,77,1,0
BRDA:768,78,0,0
BRDA:768,78,1,0
BRDA:781,79,0,0
BRDA:781,80,0,0
BRDA:781,80,1,0
BRDA:820,81,0,0
BRDA:827,82,0,0
BRDA:827,82,1,0
BRDA:846,83,0,0
BRDA:846,84,0,0
BRDA:846,84,1,0
BRDA:846,84,2,0
BRDA:846,84,3,0
BRDA:864,85,0,0
BRDA:871,86,0,0
BRDA:871,86,1,0
BRDA:892,87,0,0
BRDA:895,88,0,115
BRDA:895,88,1,115
BRDA:895,88,2,1
BRDA:895,88,3,1
BRDA:903,89,0,0
BRDA:908,90,0,0
BRDA:915,91,0,0
BRDA:919,92,0,0
BRDA:919,93,0,0
BRDA:919,93,1,0
BRDA:919,93,2,0
BRDA:919,93,3,0
BRDA:927,94,0,0
BRDA:939,95,0,0
BRDA:952,96,0,0
BRDA:952,97,0,0
BRDA:952,97,1,0
BRDA:966,98,0,32
BRDA:970,99,0,0
BRDA:970,100,0,32
BRDA:970,100,1,32
BRDA:970,100,2,32
BRDA:970,100,3,32
BRDA:972,101,0,0
BRDA:972,101,1,0
BRDA:988,102,0,25
BRDA:999,103,0,1
BRDA:999,104,0,7
BRDA:999,104,1,6
BRDA:1013,105,0,0
BRDA:1015,106,0,0
BRDA:1015,107,0,0
BRDA:1015,107,1,0
BRDA:1023,108,0,0
BRDA:1023,109,0,0
BRDA:1023,109,1,0
BRDA:1023,109,2,0
BRDA:1023,109,3,0
BRDA:1025,110,0,0
BRDA:1025,110,1,0
BRDA:1040,111,0,0
BRDA:1040,112,0,0
BRDA:1040,112,1,0
BRDA:1049,113,0,0
BRDA:1049,114,0,0
BRDA:1049,114,1,0
BRDA:1051,115,0,0
BRDA:1051,116,0,0
BRDA:1051,116,1,0
BRDA:1054,117,0,0
BRDA:1054,118,0,0
BRDA:1054,118,1,0
BRDA:1078,119,0,0
BRDA:1081,120,0,0
BRDA:1081,120,1,0
BRDA:1081,120,2,0
BRDA:1081,120,3,0
BRDA:1081,120,4,0
BRDA:1081,120,5,0
BRDA:1081,120,6,0
BRDA:1081,120,7,0
BRDA:1083,121,0,0
BRDA:1083,121,1,0
BRDA:1083,122,0,0
BRDA:1083,122,1,0
BRDA:1088,123,0,0
BRDA:1088,123,1,0
BRDA:1088,124,0,0
BRDA:1088,124,1,0
BRDA:1094,125,0,0
BRDA:1095,126,0,0
BRDA:1095,126,1,0
BRDA:1112,127,0,0
BRDA:1128,128,0,0
BRDA:1128,128,1,0
BRDA:1153,129,0,0
BRDA:1164,130,0,0
BRDA:1164,130,1,0
BRDA:1180,131,0,0
BRDA:1182,132,0,33
BRDA:1182,132,1,0
BRDA:1194,133,0,0
BRDA:1194,133,1,33
BRDA:1207,134,0,0
BRDA:1207,135,0,25
BRDA:1207,135,1,25
BRDA:1220,136,0,25
BRDA:1220,136,1,0
BRDA:1223,137,0,0
BRDA:1223,137,1,0
BRDA:1230,138,0,0
BRDA:1232,139,0,0
BRDA:1233,140,0,0
BRDA:1236,141,0,0
BRDA:1243,142,0,0
BRDA:1244,143,0,0
BRDA:1284,144,0,0
BRDA:1293,145,0,0
BRDA:1295,146,0,0
BRDA:1295,146,1,0
BRDA:1306,147,0,0
BRDA:1306,148,0,0
BRDA:1306,148,1,0
BRDA:1312,149,0,0
BRDA:1312,149,1,0
BRDA:1330,150,0,0
BRDA:1330,150,1,0
BRDA:1330,151,0,0
BRDA:1330,151,1,0
BRDA:1330,151,2,0
BRDA:1353,152,0,0
BRDA:1353,153,0,0
BRDA:1353,153,1,0
BRDA:1361,154,0,0
BRDA:1361,154,1,0
BRDA:1364,155,0,0
BRDA:1377,156,0,0
BRDA:1377,156,1,0
BRDA:1378,157,0,0
BRDA:1378,157,1,0
BRDA:1379,158,0,0
BRDA:1379,158,1,0
BRDA:1381,159,0,0
BRDA:1381,159,1,0
BRDA:1382,160,0,0
BRDA:1382,160,1,0
BRDA:1386,161,0,0
BRDA:1386,161,1,0
BRDA:1386,162,0,0
BRDA:1386,162,1,0
BRDA:1386,162,2,0
BRDA:1390,163,0,0
BRDA:1390,163,1,0
BRDA:1395,164,0,0
BRDA:1395,164,1,0
BRDA:1403,165,0,0
BRDA:1403,165,1,0
BRDA:1405,166,0,0
BRDA:1405,166,1,0
BRDA:1418,167,0,0
BRDA:1418,167,1,0
BRDA:1427,168,0,0
BRDA:1427,168,1,0
BRDA:1443,169,0,0
BRDA:1443,170,0,0
BRDA:1443,170,1,0
BRDA:1450,171,0,0
BRDA:1450,171,1,0
BRDA:1455,172,0,0
BRDA:1455,172,1,0
BRDA:1459,173,0,0
BRDA:1459,173,1,0
BRDA:1472,174,0,0
BRDA:1472,174,1,0
BRDA:1486,175,0,0
BRDA:1486,175,1,0
BRDA:1489,176,0,0
BRDA:1489,176,1,0
BRDA:1508,177,0,0
BRDA:1508,178,0,0
BRDA:1508,178,1,0
BRDA:1514,179,0,0
BRDA:1514,179,1,0
BRDA:1519,180,0,0
BRDA:1527,181,0,0
BRDA:1527,181,1,0
BRDA:1546,182,0,0
BRDA:1546,183,0,0
BRDA:1546,183,1,0
BRDA:1552,184,0,0
BRDA:1552,184,1,0
BRDA:1557,185,0,0
BRDA:1566,186,0,0
BRDA:1566,186,1,0
BRDA:1570,187,0,0
BRDA:1600,188,0,27
BRDA:1604,189,0,0
BRDA:1622,190,0,0
BRDA:1646,191,0,0
BRDA:1646,192,0,33
BRDA:1646,192,1,0
BRDA:1659,193,0,0
BRDA:1659,193,1,0
BRDA:1661,194,0,0
BRDA:1682,195,0,33
BRDA:1682,195,1,0
BRDA:1716,196,0,0
BRDA:1716,196,1,0
BRDA:1755,197,0,11
BRDA:1757,198,0,11
BRDA:1778,199,0,0
BRDA:1778,200,0,0
BRDA:1778,200,1,0
BRDA:1805,201,0,0
BRDA:1808,202,0,0
BRDA:1811,203,0,0
BRDA:1811,204,0,0
BRDA:1811,204,1,0
BRDA:1821,205,0,0
BRDA:1821,206,0,0
BRDA:1821,206,1,0
BRDA:1833,207,0,0
BRDA:1833,207,1,0
BRDA:1834,208,0,0
BRDA:1874,209,0,4
BRDA:1882,210,0,0
BRDA:1886,211,0,0
BRDA:1902,212,0,0
BRDA:1925,213,0,0
BRDA:1925,213,1,0
BRDA:1930,214,0,0
BRDA:1930,214,1,0
BRDA:1935,215,0,0
BRDA:1941,216,0,0
BRDA:1955,217,0,0
BRDA:1958,218,0,0
BRDA:1958,218,1,0
BRDA:1969,219,0,0
BRDA:1969,219,1,0
BRDA:1970,220,0,0
BRDA:1970,220,1,0
BRDA:1971,221,0,0
BRDA:1971,221,1,0
BRDA:1975,222,0,0
BRDA:1976,223,0,0
BRDA:1978,224,0,0
BRDA:1978,224,1,0
BRDA:1979,225,0,0
BRDA:1982,226,0,0
BRDA:1982,226,1,0
BRDA:1983,227,0,0
BRDA:1983,227,1,0
BRDA:1988,228,0,0
BRDA:2001,229,0,0
BRDA:2001,229,1,0
BRDA:2003,230,0,0
BRDA:2003,230,1,0
BRDA:2013,231,0,0
BRDA:2013,232,0,0
BRDA:2013,232,1,0
BRDA:2017,233,0,0
BRDA:2017,233,1,0
BRDA:2017,233,2,0
BRDA:2017,233,3,0
BRDA:2019,234,0,0
BRDA:2019,234,1,0
BRDA:2019,235,0,0
BRDA:2019,235,1,0
BRDA:2024,236,0,0
BRDA:2024,236,1,0
BRDA:2024,237,0,0
BRDA:2024,237,1,0
BRDA:2025,238,0,0
BRDA:2025,238,1,0
BRDA:2030,239,0,0
BRDA:2030,239,1,0
BRDA:2030,240,0,0
BRDA:2030,240,1,0
BRDA:2052,241,0,0
BRDA:2055,242,0,0
BRDA:2055,242,1,0
BRDA:2057,243,0,0
BRDA:2077,244,0,0
BRDA:2079,245,0,0
BRDA:2079,245,1,0
BRDA:2079,246,0,0
BRDA:2079,246,1,0
BRDA:2102,247,0,0
BRDA:2113,248,0,0
BRDA:2113,248,1,0
BRDA:2116,249,0,0
BRDA:2116,250,0,0
BRDA:2116,250,1,0
BRDA:2117,251,0,0
BRDA:2128,252,0,0
BRDA:2128,252,1,0
BRDA:2131,253,0,0
BRDA:2131,253,1,0
BRDA:2142,254,0,0
BRDA:2142,254,1,0
BRDA:2142,255,0,0
BRDA:2142,255,1,0
BRDA:2145,256,0,0
BRDA:2145,256,1,0
BRDA:2149,257,0,0
BRDA:2149,257,1,0
BRDA:2154,258,0,0
BRDA:2154,258,1,0
BRDA:2157,259,0,0
BRDA:2176,260,0,0
BRDA:2176,260,1,0
BRDA:2179,261,0,0
BRDA:2179,262,0,0
BRDA:2179,262,1,0
BRDA:2180,263,0,0
BRDA:2190,264,0,0
BRDA:2190,264,1,0
BRDA:2207,265,0,0
BRDA:2207,265,1,0
BRDA:2208,266,0,0
BRDA:2208,266,1,0
BRDA:2209,267,0,0
BRDA:2209,267,1,0
BRDA:2214,268,0,0
BRDA:2214,268,1,0
BRDA:2214,269,0,0
BRDA:2214,269,1,0
BRDA:2217,270,0,0
BRDA:2217,270,1,0
BRDA:2221,271,0,0
BRDA:2221,271,1,0
BRDA:2224,272,0,0
BRDA:2224,272,1,0
BRDA:2228,273,0,0
BRDA:2228,273,1,0
BRDA:2239,274,0,0
BRDA:2239,274,1,0
BRDA:2250,275,0,0
BRDA:2250,275,1,0
BRDA:2253,276,0,0
BRDA:2253,276,1,0
BRDA:2264,277,0,0
BRDA:2266,278,0,0
BRDA:2274,279,0,0
BRDA:2292,280,0,0
BRDA:2312,281,0,0
BRDA:2324,282,0,0
BRDA:2354,283,0,0
BRDA:2354,283,1,0
BRDA:2357,284,0,0
BRDA:2357,284,1,0
BRDA:2377,285,0,0
BRDA:2377,285,1,0
BRDA:2394,286,0,0
BRDA:2397,287,0,0
BRDA:2404,288,0,0
BRDA:2407,289,0,0
BRDA:2407,289,1,0
BRDA:2409,290,0,0
BRDA:2409,290,1,0
BRDA:2412,291,0,0
BRDA:2412,292,0,0
BRDA:2412,292,1,0
BRDA:2413,293,0,0
BRDA:2413,293,1,0
BRDA:2425,294,0,0
BRDA:2425,294,1,0
BRDA:2428,295,0,0
BRDA:2428,295,1,0
BRDA:2446,296,0,0
BRDA:2446,296,1,0
BRDA:2447,297,0,0
BRDA:2447,297,1,0
BRDA:2461,298,0,0
BRDA:2461,299,0,0
BRDA:2461,299,1,0
BRDA:2461,299,2,0
BRDA:2462,300,0,0
BRDA:2462,300,1,0
BRDA:2474,301,0,0
BRDA:2474,301,1,0
BRDA:2477,302,0,0
BRDA:2477,302,1,0
BRDA:2495,303,0,0
BRDA:2495,303,1,0
BRDA:2496,304,0,0
BRDA:2496,304,1,0
BRDA:2511,305,0,0
BRDA:2511,306,0,0
BRDA:2511,306,1,0
BRDA:2511,306,2,0
BRDA:2511,307,0,0
BRDA:2511,307,1,0
BRDA:2536,308,0,0
BRDA:2536,308,1,0
BRDA:2536,308,2,0
BRDA:2543,309,0,0
BRDA:2543,309,1,0
BRDA:2547,310,0,0
BRDA:2550,311,0,0
BRDA:2561,312,0,0
BRDA:2561,312,1,0
BRDA:2569,313,0,0
BRDA:2569,314,0,0
BRDA:2569,314,1,0
BRDA:2569,314,2,0
BRDA:2569,314,3,0
BRDA:2577,315,0,0
BRDA:2577,316,0,0
BRDA:2577,316,1,0
BRDA:2594,317,0,0
BRDA:2598,318,0,0
BRDA:2598,319,0,0
BRDA:2598,319,1,0
BRDA:2598,319,2,0
BRDA:2598,319,3,0
BRDA:2614,320,0,0
BRDA:2614,320,1,0
BRDA:2628,321,0,0
BRDA:2628,322,0,0
BRDA:2628,322,1,0
BRDA:2637,323,0,0
BRDA:2637,324,0,0
BRDA:2637,324,1,0
BRDA:2656,325,0,0
BRDA:2656,325,1,0
BRDA:2657,326,0,0
BRDA:2657,326,1,0
BRDA:2658,327,0,0
BRDA:2658,327,1,0
BRDA:2676,328,0,0
BRDA:2676,329,0,0
BRDA:2676,329,1,0
BRDA:2678,330,0,0
BRDA:2691,331,0,0
BRDA:2691,331,1,0
BRDA:2693,332,0,0
BRDA:2693,332,1,0
BRDA:2699,333,0,0
BRDA:2699,333,1,0
BRDA:2710,334,0,0
BRDA:2710,334,1,0
BRDA:2710,335,0,0
BRDA:2710,335,1,0
BRDA:2742,336,0,0
BRDA:2742,337,0,0
BRDA:2742,337,1,0
BRDA:2742,337,2,0
BRDA:2742,337,3,0
BRDA:2756,338,0,0
BRDA:2756,339,0,0
BRDA:2756,339,1,0
BRDA:2769,340,0,0
BRDA:2769,341,0,0
BRDA:2769,341,1,0
BRDA:2772,342,0,0
BRDA:2772,343,0,0
BRDA:2772,343,1,0
BRDA:2772,343,2,0
BRDA:2772,344,0,0
BRDA:2772,344,1,0
BRDA:2773,345,0,0
BRDA:2773,345,1,0
BRDA:2782,346,0,0
BRDA:2795,347,0,0
BRDA:2795,347,1,0
BRDA:2795,348,0,0
BRDA:2795,348,1,0
BRDA:2812,349,0,0
BRDA:2812,350,0,0
BRDA:2812,350,1,0
BRDA:2826,351,0,0
BRDA:2828,352,0,0
BRDA:2841,353,0,0
BRDA:2841,353,1,0
BRDA:2842,354,0,0
BRDA:2842,354,1,0
BRDA:2848,355,0,0
BRDA:2848,355,1,0
BRDA:2852,356,0,0
BRDA:2852,356,1,0
BRDA:2861,357,0,0
BRDA:2861,357,1,0
BRDA:2861,358,0,0
BRDA:2861,358,1,0
BRDA:2884,359,0,0
BRDA:2884,360,0,0
BRDA:2884,360,1,0
BRDA:2887,361,0,0
BRDA:2887,361,1,0
BRDA:2890,362,0,0
BRDA:2890,363,0,0
BRDA:2890,363,1,0
BRDA:2890,363,2,0
BRDA:2890,363,3,0
BRDA:2896,364,0,0
BRDA:2896,365,0,0
BRDA:2896,365,1,0
BRDA:2897,366,0,0
BRDA:2897,366,1,0
BRDA:2902,367,0,0
BRDA:2902,368,0,0
BRDA:2902,368,1,0
BRDA:2902,368,2,0
BRDA:2913,369,0,0
BRDA:2913,370,0,0
BRDA:2913,370,1,0
BRDA:2915,371,0,0
BRDA:2926,372,0,0
BRDA:2926,373,0,0
BRDA:2926,373,1,0
BRDA:2930,374,0,0
BRDA:2930,374,1,0
BRDA:2933,375,0,0
BRDA:2943,376,0,0
BRDA:2943,376,1,0
BRDA:2961,377,0,0
BRDA:2961,378,0,0
BRDA:2961,378,1,0
BRDA:2965,379,0,0
BRDA:2965,379,1,0
BRDA:2968,380,0,0
BRDA:2983,381,0,0
BRDA:2983,381,1,0
BRDA:2983,382,0,0
BRDA:2983,382,1,0
BRDA:3009,383,0,0
BRDA:3009,384,0,0
BRDA:3009,384,1,0
BRDA:3009,384,2,0
BRDA:3028,385,0,0
BRDA:3032,386,0,0
BRDA:3032,387,0,0
BRDA:3032,387,1,0
BRDA:3041,388,0,0
BRDA:3047,389,0,0
BRDA:3047,390,0,0
BRDA:3047,390,1,0
BRDA:3055,391,0,0
BRDA:3055,392,0,0
BRDA:3055,392,1,0
BRDA:3060,393,0,0
BRDA:3060,393,1,0
BRDA:3060,394,0,0
BRDA:3060,394,1,0
BRDA:3069,395,0,0
BRDA:3069,395,1,0
BRDA:3073,396,0,0
BRDA:3073,397,0,0
BRDA:3073,397,1,0
BRDA:3081,398,0,0
BRDA:3081,398,1,0
BRDA:3084,399,0,0
BRDA:3096,400,0,0
BRDA:3096,400,1,0
BRDA:3096,401,0,0
BRDA:3096,401,1,0
BRDA:3099,402,0,0
BRDA:3099,402,1,0
BRDA:3103,403,0,0
BRDA:3103,403,1,0
BRDA:3107,404,0,0
BRDA:3107,404,1,0
BRDA:3109,405,0,0
BRDA:3109,405,1,0
BRDA:3125,406,0,0
BRDA:3127,407,0,0
BRDA:3129,408,0,0
BRDA:3191,409,0,0
BRDA:3194,410,0,0
BRDA:3203,411,0,0
BRDA:3203,412,0,0
BRDA:3203,412,1,0
BRDA:3210,413,0,0
BRDA:3213,414,0,0
BRDA:3222,415,0,0
BRDA:3224,416,0,0
BRDA:3224,417,0,0
BRDA:3224,417,1,0
BRDA:3224,417,2,0
BRDA:3224,417,3,0
BRDA:3242,418,0,0
BRDA:3265,419,0,0
BRDA:3265,419,1,0
BRDA:3266,420,0,0
BRDA:3266,420,1,0
BRDA:3279,421,0,0
BRDA:3281,422,0,0
BRDA:3281,423,0,0
BRDA:3281,423,1,0
BRDA:3281,423,2,0
BRDA:3281,423,3,0
BRDA:3283,424,0,0
BRDA:3283,424,1,0
BRDA:3299,425,0,0
BRDA:3312,426,0,0
BRDA:3315,427,0,0
BRDA:3315,427,1,0
BRDA:3315,427,2,0
BRDA:3315,427,3,0
BRDA:3315,427,4,0
BRDA:3315,427,5,0
BRDA:3315,427,6,0
BRDA:3315,427,7,0
BRDA:3317,428,0,0
BRDA:3317,428,1,0
BRDA:3317,429,0,0
BRDA:3317,429,1,0
BRDA:3324,430,0,0
BRDA:3324,430,1,0
BRDA:3344,431,0,0
BRDA:3360,432,0,0
BRDA:3360,432,1,0
BRDA:3380,433,0,0
BRDA:3384,434,0,0
BRDA:3403,435,0,0
BRDA:3413,436,0,0
BRDA:3413,436,1,0
BRDA:3416,437,0,0
BRDA:3416,437,1,0
BRDA:3417,438,0,0
BRDA:3417,438,1,0
BRDA:3421,439,0,0
BRDA:3421,439,1,0
BRDA:3427,440,0,0
BRDA:3427,440,1,0
BRDA:3428,441,0,0
BRDA:3428,441,1,0
BRDA:3429,442,0,0
BRDA:3429,442,1,0
BRDA:3457,443,0,0
BRDA:3462,444,0,0
BRDA:3462,445,0,0
BRDA:3462,445,1,0
BRDA:3467,446,0,0
BRDA:3476,447,0,0
BRDA:3476,448,0,0
BRDA:3476,448,1,0
BRDA:3479,449,0,0
BRDA:3479,449,1,0
BRDA:3479,450,0,0
BRDA:3479,450,1,0
BRDA:3481,451,0,0
BRDA:3481,451,1,0
BRDA:3494,452,0,0
BRDA:3494,453,0,0
BRDA:3494,453,1,0
BRDA:3499,454,0,0
BRDA:3499,454,1,0
BRDA:3503,455,0,0
BRDA:3503,456,0,0
BRDA:3503,456,1,0
BRDA:3503,456,2,0
BRDA:3528,457,0,0
BRDA:3528,458,0,0
BRDA:3528,458,1,0
BRDA:3538,459,0,0
BRDA:3547,460,0,0
BRDA:3557,461,0,0
BRDA:3557,461,1,0
BRDA:3557,462,0,0
BRDA:3557,462,1,0
BRDA:3585,463,0,0
BRDA:3585,464,0,0
BRDA:3585,464,1,0
BRDA:3590,465,0,0
BRDA:3590,465,1,0
BRDA:3593,466,0,0
BRDA:3605,467,0,0
BRDA:3605,467,1,0
BRDA:3605,468,0,0
BRDA:3605,468,1,0
BRDA:3608,469,0,0
BRDA:3608,469,1,0
BRDA:3612,470,0,0
BRDA:3612,470,1,0
BRDA:3616,471,0,0
BRDA:3616,471,1,0
BRDA:3637,472,0,0
BRDA:3637,473,0,0
BRDA:3637,473,1,0
BRDA:3643,474,0,0
BRDA:3643,474,1,0
BRDA:3648,475,0,0
BRDA:3655,476,0,0
BRDA:3655,476,1,0
BRDA:3668,477,0,1
BRDA:3670,478,0,1
BRDA:3672,479,0,1
BRF:826
BRH:92
end_of_record
TN:
SF:src/stateStore.ts
FN:30,(anonymous_1)
FN:85,(anonymous_2)
FN:100,(anonymous_3)
FN:113,(anonymous_4)
FN:125,(anonymous_5)
FN:138,(anonymous_6)
FN:151,(anonymous_7)
FN:164,(anonymous_8)
FN:177,initStateStore
FN:189,getStateStore
FNF:10
FNH:8
FNDA:59,(anonymous_1)
FNDA:460,(anonymous_2)
FNDA:33,(anonymous_3)
FNDA:28,(anonymous_4)
FNDA:0,(anonymous_5)
FNDA:59,(anonymous_6)
FNDA:0,(anonymous_7)
FNDA:113,(anonymous_8)
FNDA:59,initStateStore
FNDA:235,getStateStore
DA:1,6
DA:2,6
DA:3,6
DA:4,6
DA:6,6
DA:32,59
DA:33,59
DA:34,0
DA:37,59
DA:38,59
DA:41,59
DA:55,59
DA:58,59
DA:62,59
DA:65,59
DA:68,59
DA:73,59
DA:74,59
DA:75,0
DA:78,59
DA:86,460
DA:87,460
DA:88,460
DA:89,38
DA:91,0
DA:92,0
DA:101,33
DA:102,33
DA:103,33
DA:104,33
DA:106,0
DA:114,28
DA:115,28
DA:116,28
DA:118,0
DA:126,0
DA:127,0
DA:128,0
DA:130,0
DA:139,59
DA:140,59
DA:141,59
DA:143,0
DA:144,0
DA:152,0
DA:153,0
DA:154,0
DA:155,0
DA:158,0
DA:165,113
DA:166,113
DA:171,6
DA:177,6
DA:178,59
DA:179,54
DA:180,54
DA:182,59
DA:189,6
DA:190,235
DA:191,0
DA:193,235
DA:196,6
LF:62
LH:44
BRDA:6,0,0,6
BRDA:6,0,1,0
BRDA:33,1,0,0
BRDA:74,2,0,0
BRDA:88,3,0,422
BRDA:100,4,0,0
BRDA:154,5,0,0
BRDA:178,6,0,54
BRDA:190,7,0,0
BRF:9
BRH:3
end_of_record
