TN:
SF:src/aiClient.ts
FN:100,(anonymous_1)
FN:110,(anonymous_2)
FN:126,(anonymous_3)
FN:152,(anonymous_4)
FN:161,(anonymous_5)
FN:171,(anonymous_6)
FN:187,(anonymous_7)
FN:202,(anonymous_8)
FN:214,(anonymous_9)
FN:257,(anonymous_10)
FN:273,(anonymous_11)
FN:300,(anonymous_12)
FN:327,(anonymous_13)
FN:346,(anonymous_14)
FN:373,(anonymous_15)
FNF:15
FNH:5
FNDA:51,(anonymous_1)
FNDA:18,(anonymous_2)
FNDA:17,(anonymous_3)
FNDA:0,(anonymous_4)
FNDA:1,(anonymous_5)
FNDA:0,(anonymous_6)
FNDA:0,(anonymous_7)
FNDA:0,(anonymous_8)
FNDA:0,(anonymous_9)
FNDA:0,(anonymous_10)
FNDA:0,(anonymous_11)
FNDA:0,(anonymous_12)
FNDA:0,(anonymous_13)
FNDA:1,(anonymous_14)
FNDA:0,(anonymous_15)
DA:1,6
DA:2,6
DA:4,6
DA:97,6
DA:101,51
DA:111,18
DA:112,18
DA:113,18
DA:118,18
DA:119,18
DA:121,0
DA:122,0
DA:131,17
DA:132,17
DA:133,17
DA:134,17
DA:139,17
DA:140,17
DA:142,0
DA:144,0
DA:145,0
DA:147,0
DA:153,0
DA:154,0
DA:155,0
DA:157,0
DA:162,1
DA:163,1
DA:164,0
DA:166,1
DA:167,1
DA:172,0
DA:173,0
DA:174,0
DA:177,0
DA:178,0
DA:180,0
DA:181,0
DA:188,0
DA:189,0
DA:190,0
DA:194,0
DA:195,0
DA:197,0
DA:198,0
DA:203,0
DA:204,0
DA:205,0
DA:206,0
DA:207,0
DA:209,0
DA:210,0
DA:215,0
DA:216,0
DA:219,0
DA:220,0
DA:221,0
DA:223,0
DA:232,0
DA:233,0
DA:234,0
DA:235,0
DA:236,0
DA:239,0
DA:240,0
DA:241,0
DA:244,0
DA:245,0
DA:247,0
DA:248,0
DA:250,0
DA:252,0
DA:253,0
DA:258,0
DA:259,0
DA:260,0
DA:265,0
DA:266,0
DA:268,0
DA:269,0
DA:280,0
DA:281,0
DA:282,0
DA:292,0
DA:293,0
DA:295,0
DA:296,0
DA:304,0
DA:305,0
DA:306,0
DA:316,0
DA:317,0
DA:322,0
DA:323,0
DA:328,0
DA:329,0
DA:334,0
DA:336,0
DA:338,0
DA:347,1
DA:348,1
DA:350,1
DA:351,1
DA:352,1
DA:354,1
DA:356,1
DA:365,0
DA:366,0
DA:368,1
DA:369,1
DA:374,0
DA:375,0
DA:376,0
DA:377,0
DA:378,0
DA:380,0
DA:381,0
LF:117
LH:29
BRDA:110,0,0,0
BRDA:128,1,0,0
BRDA:136,2,0,17
BRDA:136,2,1,17
BRDA:144,3,0,0
BRDA:187,4,0,0
BRDA:232,5,0,0
BRDA:232,5,1,0
BRDA:234,6,0,0
BRDA:234,6,1,0
BRDA:235,7,0,0
BRDA:235,7,1,0
BRDA:236,8,0,0
BRDA:240,9,0,0
BRDA:257,10,0,0
BRDA:273,11,0,0
BRDA:300,12,0,0
BRDA:300,13,0,0
BRDA:332,14,0,0
BRDA:332,14,1,0
BRDA:365,15,0,0
BRDA:365,15,1,0
BRF:22
BRH:2
end_of_record
TN:
SF:src/baileysLoader.ts
FN:6,loadBaileys
FN:8,(anonymous_10)
FNF:2
FNH:2
FNDA:51,loadBaileys
FNDA:5,(anonymous_10)
DA:4,6
DA:6,6
DA:7,51
DA:8,5
DA:10,51
LF:5
LH:5
BRDA:7,0,0,5
BRF:1
BRH:1
end_of_record
TN:
SF:src/broadcastStore.ts
FN:68,(anonymous_1)
FN:165,(anonymous_2)
FN:259,(anonymous_3)
FN:287,(anonymous_4)
FN:295,(anonymous_5)
FN:303,(anonymous_6)
FN:310,(anonymous_7)
FN:327,(anonymous_8)
FN:340,(anonymous_9)
FN:348,(anonymous_10)
FN:361,(anonymous_11)
FN:374,(anonymous_12)
FN:381,(anonymous_13)
FN:390,(anonymous_14)
FN:400,(anonymous_15)
FN:414,initBroadcastStore
FN:426,getBroadcastStore
FNF:17
FNH:11
FNDA:51,(anonymous_1)
FNDA:51,(anonymous_2)
FNDA:1,(anonymous_3)
FNDA:0,(anonymous_4)
FNDA:0,(anonymous_5)
FNDA:2,(anonymous_6)
FNDA:1,(anonymous_7)
FNDA:1,(anonymous_8)
FNDA:5,(anonymous_9)
FNDA:0,(anonymous_10)
FNDA:0,(anonymous_11)
FNDA:1,(anonymous_12)
FNDA:0,(anonymous_13)
FNDA:0,(anonymous_14)
FNDA:46,(anonymous_15)
FNDA:51,initBroadcastStore
FNDA:11,getBroadcastStore
DA:1,6
DA:2,6
DA:3,6
DA:4,6
DA:6,6
DA:70,51
DA:71,51
DA:72,0
DA:75,51
DA:76,51
DA:77,51
DA:80,51
DA:83,51
DA:97,51
DA:103,51
DA:107,51
DA:114,51
DA:123,51
DA:128,51
DA:137,51
DA:143,51
DA:151,51
DA:155,51
DA:159,51
DA:167,51
DA:213,51
DA:214,51
DA:226,0
DA:230,51
DA:250,51
DA:260,1
DA:279,1
DA:280,1
DA:281,1
DA:288,0
DA:289,0
DA:296,0
DA:297,0
DA:304,2
DA:311,1
DA:313,1
DA:314,1
DA:316,0
DA:317,0
DA:328,1
DA:332,1
DA:333,1
DA:334,1
DA:341,5
DA:342,5
DA:349,0
DA:355,0
DA:362,0
DA:368,0
DA:375,1
DA:382,0
DA:383,0
DA:391,0
DA:392,0
DA:393,0
DA:394,0
DA:401,46
DA:402,46
DA:408,6
DA:414,6
DA:415,51
DA:416,46
DA:417,46
DA:419,51
DA:426,6
DA:427,11
DA:428,0
DA:430,11
DA:433,6
LF:74
LH:55
BRDA:6,0,0,6
BRDA:6,0,1,0
BRDA:71,1,0,0
BRDA:262,2,0,1
BRDA:262,2,1,0
BRDA:263,3,0,1
BRDA:263,3,1,1
BRDA:264,4,0,1
BRDA:264,4,1,1
BRDA:265,5,0,1
BRDA:265,5,1,0
BRDA:266,6,0,1
BRDA:266,6,1,0
BRDA:267,7,0,1
BRDA:267,7,1,0
BRDA:268,8,0,1
BRDA:268,8,1,1
BRDA:269,9,0,1
BRDA:269,9,1,1
BRDA:270,10,0,1
BRDA:270,10,1,1
BRDA:271,11,0,1
BRDA:271,11,1,0
BRDA:272,12,0,1
BRDA:272,12,1,0
BRDA:273,13,0,0
BRDA:273,13,1,1
BRDA:274,14,0,1
BRDA:274,14,1,0
BRDA:275,15,0,1
BRDA:275,15,1,0
BRDA:276,16,0,1
BRDA:276,16,1,0
BRDA:297,17,0,0
BRDA:297,17,1,0
BRDA:303,18,0,0
BRDA:342,19,0,5
BRDA:342,19,1,5
BRDA:415,20,0,46
BRDA:427,21,0,0
BRF:40
BRH:24
end_of_record
TN:
SF:src/detector.ts
FN:29,detectFGBBroadcast
FN:121,(anonymous_2)
FN:122,(anonymous_3)
FN:151,isOwnerMessage
FNF:4
FNH:3
FNDA:48,detectFGBBroadcast
FNDA:270,(anonymous_2)
FNDA:45,(anonymous_3)
FNDA:0,isOwnerMessage
DA:2,6
DA:4,6
DA:15,6
DA:25,6
DA:29,6
DA:30,48
DA:39,48
DA:40,48
DA:41,0
DA:42,0
DA:46,48
DA:47,48
DA:51,48
DA:58,48
DA:59,0
DA:60,0
DA:65,0
DA:66,0
DA:70,0
DA:71,0
DA:72,0
DA:73,0
DA:78,48
DA:79,3
DA:80,3
DA:81,3
DA:82,3
DA:83,1
DA:87,48
DA:88,0
DA:89,0
DA:90,0
DA:91,0
DA:92,0
DA:97,48
DA:98,0
DA:99,0
DA:100,0
DA:101,0
DA:102,0
DA:103,0
DA:104,0
DA:109,48
DA:112,48
DA:120,48
DA:121,270
DA:122,45
DA:124,45
DA:130,45
DA:131,30
DA:132,30
DA:133,30
DA:138,15
DA:139,13
DA:140,13
DA:141,13
DA:148,48
DA:151,6
DA:153,0
DA:154,0
LF:60
LH:36
BRDA:4,0,0,6
BRDA:4,0,1,0
BRDA:40,1,0,0
BRDA:51,2,0,48
BRDA:51,2,1,48
BRDA:51,2,2,4
BRDA:51,2,3,3
BRDA:51,2,4,3
BRDA:58,3,0,0
BRDA:60,4,0,0
BRDA:60,4,1,0
BRDA:60,4,2,0
BRDA:60,4,3,0
BRDA:60,4,4,0
BRDA:65,5,0,0
BRDA:65,6,0,0
BRDA:65,6,1,0
BRDA:70,7,0,0
BRDA:70,8,0,0
BRDA:70,8,1,0
BRDA:78,9,0,3
BRDA:82,10,0,1
BRDA:87,11,0,0
BRDA:91,12,0,0
BRDA:97,13,0,0
BRDA:99,14,0,0
BRDA:103,15,0,0
BRDA:120,16,0,45
BRDA:130,17,0,30
BRDA:130,17,1,15
BRDA:134,18,0,30
BRDA:134,18,1,0
BRDA:138,19,0,13
BRDA:153,20,0,0
BRF:34
BRH:13
end_of_record
TN:
SF:src/draftCommands.ts
FN:38,parseDraftCommand
FN:122,(anonymous_1)
FN:123,(anonymous_2)
FN:138,getDraftMenu
FN:198,formatDraftBubble
FN:215,getNavigationHints
FNF:6
FNH:3
FNDA:6,parseDraftCommand
FNDA:0,(anonymous_1)
FNDA:0,(anonymous_2)
FNDA:17,getDraftMenu
FNDA:17,formatDraftBubble
FNDA:0,getNavigationHints
DA:38,6
DA:39,6
DA:43,6
DA:44,0
DA:48,6
DA:49,0
DA:53,6
DA:54,0
DA:59,6
DA:60,0
DA:61,0
DA:62,0
DA:70,6
DA:71,1
DA:72,1
DA:73,1
DA:82,5
DA:83,2
DA:87,3
DA:88,0
DA:92,3
DA:93,1
DA:97,2
DA:98,0
DA:102,2
DA:103,0
DA:108,2
DA:109,2
DA:113,0
DA:114,0
DA:118,0
DA:119,0
DA:120,0
DA:122,0
DA:123,0
DA:125,0
DA:126,0
DA:131,0
DA:138,6
DA:146,17
DA:148,17
DA:149,17
DA:150,17
DA:151,17
DA:153,17
DA:154,17
DA:157,17
DA:158,17
DA:161,17
DA:162,17
DA:165,17
DA:166,17
DA:169,17
DA:172,17
DA:173,17
DA:175,17
DA:177,17
DA:178,0
DA:179,0
DA:182,17
DA:198,6
DA:202,17
DA:208,17
DA:215,6
DA:220,0
DA:222,0
DA:223,0
DA:226,0
DA:227,0
DA:230,0
DA:232,0
LF:71
LH:43
BRDA:43,0,0,0
BRDA:43,1,0,6
BRDA:43,1,1,6
BRDA:48,2,0,0
BRDA:48,3,0,6
BRDA:48,3,1,6
BRDA:48,3,2,6
BRDA:48,3,3,6
BRDA:53,4,0,0
BRDA:59,5,0,0
BRDA:61,6,0,0
BRDA:61,6,1,0
BRDA:65,7,0,0
BRDA:65,7,1,0
BRDA:65,8,0,0
BRDA:65,8,1,0
BRDA:70,9,0,1
BRDA:70,10,0,6
BRDA:70,10,1,5
BRDA:70,10,2,5
BRDA:72,11,0,0
BRDA:72,11,1,1
BRDA:76,12,0,0
BRDA:76,12,1,1
BRDA:76,13,0,1
BRDA:76,13,1,1
BRDA:82,14,0,2
BRDA:82,15,0,5
BRDA:82,15,1,3
BRDA:82,15,2,3
BRDA:87,16,0,0
BRDA:87,17,0,3
BRDA:87,17,1,3
BRDA:87,17,2,3
BRDA:92,18,0,1
BRDA:92,19,0,3
BRDA:92,19,1,2
BRDA:97,20,0,0
BRDA:102,21,0,0
BRDA:102,22,0,2
BRDA:102,22,1,2
BRDA:108,23,0,2
BRDA:108,24,0,2
BRDA:108,24,1,1
BRDA:108,24,2,0
BRDA:108,24,3,0
BRDA:113,25,0,0
BRDA:113,26,0,0
BRDA:113,26,1,0
BRDA:113,26,2,0
BRDA:119,27,0,0
BRDA:123,28,0,0
BRDA:123,28,1,0
BRDA:125,29,0,0
BRDA:153,30,0,17
BRDA:157,31,0,17
BRDA:161,32,0,17
BRDA:165,33,0,17
BRDA:172,34,0,17
BRDA:177,35,0,0
BRDA:200,36,0,0
BRDA:222,37,0,0
BRDA:222,38,0,0
BRDA:222,38,1,0
BRDA:226,39,0,0
BRDA:230,40,0,0
BRF:66
BRH:34
end_of_record
TN:
SF:src/messageHandler.ts
FN:98,(anonymous_1)
FN:98,(anonymous_2)
FN:119,(anonymous_3)
FN:122,(anonymous_4)
FN:130,(anonymous_5)
FN:133,(anonymous_6)
FN:141,(anonymous_7)
FN:144,(anonymous_8)
FN:152,(anonymous_9)
FN:155,(anonymous_10)
FN:174,(anonymous_11)
FN:206,(anonymous_12)
FN:209,(anonymous_13)
FN:261,(anonymous_14)
FN:292,(anonymous_15)
FN:304,(anonymous_16)
FN:316,(anonymous_17)
FN:321,(anonymous_18)
FN:421,(anonymous_19)
FN:503,(anonymous_20)
FN:544,(anonymous_21)
FN:572,(anonymous_22)
FN:595,(anonymous_23)
FN:632,(anonymous_24)
FN:700,(anonymous_25)
FN:737,(anonymous_26)
FN:776,(anonymous_27)
FN:810,(anonymous_28)
FN:832,(anonymous_29)
FN:845,(anonymous_30)
FN:858,(anonymous_31)
FN:872,(anonymous_32)
FN:922,(anonymous_33)
FN:934,(anonymous_34)
FN:1184,(anonymous_35)
FN:1211,(anonymous_36)
FN:1238,(anonymous_37)
FN:1310,(anonymous_38)
FN:1336,(anonymous_39)
FN:1382,(anonymous_40)
FN:1472,(anonymous_41)
FN:1537,(anonymous_42)
FN:1556,(anonymous_43)
FN:1575,(anonymous_44)
FN:1628,(anonymous_45)
FN:1647,(anonymous_46)
FN:1779,(anonymous_47)
FN:1804,(anonymous_48)
FN:1827,(anonymous_49)
FN:1837,(anonymous_50)
FN:1900,(anonymous_51)
FN:1928,(anonymous_52)
FN:1964,(anonymous_53)
FN:1981,(anonymous_54)
FN:1985,(anonymous_55)
FN:2039,(anonymous_56)
FN:2078,(anonymous_57)
FN:2081,(anonymous_58)
FN:2082,(anonymous_59)
FN:2093,(anonymous_60)
FN:2094,(anonymous_61)
FN:2138,(anonymous_62)
FN:2155,(anonymous_63)
FN:2201,(anonymous_64)
FN:2217,(anonymous_65)
FN:2239,(anonymous_66)
FN:2254,(anonymous_67)
FN:2290,(anonymous_68)
FN:2318,(anonymous_69)
FN:2348,(anonymous_70)
FN:2399,(anonymous_71)
FN:2420,(anonymous_72)
FN:2467,(anonymous_73)
FN:2516,(anonymous_74)
FN:2646,(anonymous_75)
FN:2969,(anonymous_76)
FN:3001,(anonymous_77)
FN:3046,(anonymous_78)
FN:3067,(anonymous_79)
FN:3073,(anonymous_80)
FN:3082,(anonymous_81)
FN:3099,(anonymous_82)
FN:3151,(anonymous_83)
FN:3173,(anonymous_84)
FN:3201,(anonymous_85)
FN:3217,(anonymous_86)
FN:3406,(anonymous_87)
FN:3447,(anonymous_88)
FN:3482,(anonymous_89)
FN:3493,(anonymous_90)
FN:3503,(anonymous_91)
FN:3520,(anonymous_92)
FN:3529,(anonymous_93)
FN:3611,(anonymous_94)
FN:3663,(anonymous_95)
FN:3681,(anonymous_96)
FN:3694,(anonymous_97)
FNF:97
FNH:38
FNDA:0,(anonymous_1)
FNDA:0,(anonymous_2)
FNDA:876,(anonymous_3)
FNDA:128,(anonymous_4)
FNDA:82,(anonymous_5)
FNDA:109,(anonymous_6)
FNDA:26,(anonymous_7)
FNDA:97,(anonymous_8)
FNDA:34,(anonymous_9)
FNDA:99,(anonymous_10)
FNDA:51,(anonymous_11)
FNDA:51,(anonymous_12)
FNDA:5,(anonymous_13)
FNDA:0,(anonymous_14)
FNDA:97,(anonymous_15)
FNDA:50,(anonymous_16)
FNDA:5,(anonymous_17)
FNDA:97,(anonymous_18)
FNDA:29,(anonymous_19)
FNDA:8,(anonymous_20)
FNDA:1,(anonymous_21)
FNDA:1,(anonymous_22)
FNDA:1,(anonymous_23)
FNDA:0,(anonymous_24)
FNDA:5,(anonymous_25)
FNDA:2,(anonymous_26)
FNDA:2,(anonymous_27)
FNDA:0,(anonymous_28)
FNDA:0,(anonymous_29)
FNDA:0,(anonymous_30)
FNDA:0,(anonymous_31)
FNDA:0,(anonymous_32)
FNDA:97,(anonymous_33)
FNDA:35,(anonymous_34)
FNDA:0,(anonymous_35)
FNDA:27,(anonymous_36)
FNDA:18,(anonymous_37)
FNDA:5,(anonymous_38)
FNDA:17,(anonymous_39)
FNDA:0,(anonymous_40)
FNDA:1,(anonymous_41)
FNDA:0,(anonymous_42)
FNDA:0,(anonymous_43)
FNDA:0,(anonymous_44)
FNDA:42,(anonymous_45)
FNDA:25,(anonymous_46)
FNDA:12,(anonymous_47)
FNDA:0,(anonymous_48)
FNDA:0,(anonymous_49)
FNDA:0,(anonymous_50)
FNDA:4,(anonymous_51)
FNDA:0,(anonymous_52)
FNDA:0,(anonymous_53)
FNDA:0,(anonymous_54)
FNDA:0,(anonymous_55)
FNDA:0,(anonymous_56)
FNDA:0,(anonymous_57)
FNDA:0,(anonymous_58)
FNDA:0,(anonymous_59)
FNDA:0,(anonymous_60)
FNDA:0,(anonymous_61)
FNDA:0,(anonymous_62)
FNDA:0,(anonymous_63)
FNDA:0,(anonymous_64)
FNDA:0,(anonymous_65)
FNDA:0,(anonymous_66)
FNDA:0,(anonymous_67)
FNDA:12,(anonymous_68)
FNDA:0,(anonymous_69)
FNDA:0,(anonymous_70)
FNDA:0,(anonymous_71)
FNDA:0,(anonymous_72)
FNDA:0,(anonymous_73)
FNDA:0,(anonymous_74)
FNDA:0,(anonymous_75)
FNDA:0,(anonymous_76)
FNDA:0,(anonymous_77)
FNDA:0,(anonymous_78)
FNDA:0,(anonymous_79)
FNDA:0,(anonymous_80)
FNDA:0,(anonymous_81)
FNDA:0,(anonymous_82)
FNDA:0,(anonymous_83)
FNDA:0,(anonymous_84)
FNDA:1,(anonymous_85)
FNDA:0,(anonymous_86)
FNDA:1,(anonymous_87)
FNDA:0,(anonymous_88)
FNDA:0,(anonymous_89)
FNDA:0,(anonymous_90)
FNDA:0,(anonymous_91)
FNDA:0,(anonymous_92)
FNDA:0,(anonymous_93)
FNDA:0,(anonymous_94)
FNDA:0,(anonymous_95)
FNDA:0,(anonymous_96)
FNDA:2,(anonymous_97)
DA:1,6
DA:2,6
DA:4,6
DA:5,6
DA:6,6
DA:7,6
DA:8,6
DA:9,6
DA:10,6
DA:12,6
DA:98,6
DA:104,6
DA:110,51
DA:111,51
DA:112,51
DA:113,51
DA:116,51
DA:120,876
DA:123,128
DA:124,65
DA:126,63
DA:131,82
DA:134,109
DA:135,12
DA:137,97
DA:142,26
DA:145,97
DA:146,0
DA:148,97
DA:153,34
DA:156,99
DA:157,1
DA:159,98
DA:164,51
DA:175,51
DA:177,51
DA:178,51
DA:179,51
DA:181,51
DA:183,51
DA:185,51
DA:187,51
DA:188,51
DA:189,51
DA:191,0
DA:195,51
DA:196,0
DA:200,51
DA:207,51
DA:209,51
DA:210,5
DA:211,5
DA:213,5
DA:214,5
DA:217,0
DA:220,0
DA:225,0
DA:226,0
DA:227,0
DA:228,0
DA:229,0
DA:232,0
DA:233,0
DA:238,0
DA:244,0
DA:245,0
DA:248,0
DA:252,51
DA:262,0
DA:264,0
DA:266,0
DA:272,0
DA:275,0
DA:276,0
DA:280,0
DA:293,97
DA:294,97
DA:295,97
DA:296,97
DA:297,97
DA:305,50
DA:306,50
DA:307,50
DA:309,0
DA:317,5
DA:318,5
DA:322,97
DA:324,97
DA:325,97
DA:326,0
DA:327,0
DA:331,97
DA:334,97
DA:335,0
DA:336,0
DA:340,97
DA:343,97
DA:345,97
DA:348,97
DA:351,97
DA:358,97
DA:359,29
DA:360,29
DA:364,68
DA:365,68
DA:366,7
DA:367,7
DA:371,61
DA:372,35
DA:373,35
DA:374,35
DA:378,26
DA:379,0
DA:380,0
DA:384,26
DA:385,0
DA:386,0
DA:392,26
DA:393,0
DA:394,0
DA:398,26
DA:400,26
DA:401,25
DA:404,25
DA:405,0
DA:407,25
DA:409,1
DA:411,1
DA:412,1
DA:414,0
DA:417,0
DA:422,29
DA:423,29
DA:424,29
DA:426,29
DA:427,29
DA:429,1
DA:430,1
DA:433,1
DA:434,1
DA:437,0
DA:438,0
DA:441,0
DA:442,0
DA:445,1
DA:446,1
DA:447,1
DA:450,0
DA:451,0
DA:454,0
DA:455,0
DA:458,12
DA:459,12
DA:462,4
DA:463,4
DA:466,0
DA:467,0
DA:470,1
DA:471,1
DA:474,0
DA:475,0
DA:478,5
DA:479,5
DA:482,2
DA:483,2
DA:486,2
DA:487,2
DA:494,0
DA:497,0
DA:498,0
DA:499,0
DA:504,8
DA:545,1
DA:548,1
DA:549,1
DA:550,1
DA:551,0
DA:553,1
DA:557,1
DA:558,1
DA:559,1
DA:560,1
DA:561,1
DA:562,1
DA:564,1
DA:565,1
DA:572,1
DA:573,1
DA:574,1
DA:577,1
DA:596,1
DA:597,1
DA:599,1
DA:600,1
DA:603,1
DA:606,0
DA:607,0
DA:609,0
DA:610,0
DA:611,0
DA:612,0
DA:613,0
DA:619,0
DA:620,0
DA:623,0
DA:625,0
DA:627,0
DA:628,0
DA:633,0
DA:634,0
DA:636,0
DA:637,0
DA:640,0
DA:644,0
DA:646,0
DA:650,0
DA:651,0
DA:652,0
DA:654,0
DA:656,0
DA:660,0
DA:661,0
DA:666,0
DA:672,0
DA:674,0
DA:675,0
DA:678,0
DA:679,0
DA:680,0
DA:683,0
DA:684,0
DA:688,0
DA:692,0
DA:693,0
DA:701,5
DA:703,5
DA:704,2
DA:707,2
DA:711,3
DA:712,0
DA:713,0
DA:716,0
DA:720,3
DA:721,0
DA:722,0
DA:725,0
DA:728,3
DA:738,2
DA:739,2
DA:741,2
DA:742,2
DA:744,2
DA:745,2
DA:748,2
DA:751,0
DA:753,0
DA:754,0
DA:755,0
DA:759,0
DA:760,0
DA:763,0
DA:765,0
DA:767,0
DA:768,0
DA:777,2
DA:778,1
DA:781,1
DA:784,1
DA:785,1
DA:787,1
DA:788,1
DA:791,1
DA:794,0
DA:796,0
DA:797,0
DA:798,0
DA:800,0
DA:801,0
DA:804,0
DA:806,0
DA:811,0
DA:813,0
DA:814,0
DA:817,0
DA:820,0
DA:821,0
DA:822,0
DA:826,0
DA:833,0
DA:834,0
DA:835,0
DA:839,0
DA:846,0
DA:847,0
DA:849,0
DA:850,0
DA:852,0
DA:853,0
DA:854,0
DA:857,0
DA:858,0
DA:859,0
DA:860,0
DA:863,0
DA:865,0
DA:867,0
DA:868,0
DA:873,0
DA:874,0
DA:875,0
DA:878,0
DA:879,0
DA:888,0
DA:892,0
DA:893,0
DA:894,0
DA:896,0
DA:897,0
DA:900,0
DA:903,0
DA:904,0
DA:905,0
DA:908,0
DA:910,0
DA:911,0
DA:914,0
DA:917,0
DA:918,0
DA:923,97
DA:924,97
DA:926,97
DA:935,35
DA:937,35
DA:940,35
DA:941,0
DA:942,0
DA:943,0
DA:947,35
DA:948,0
DA:951,0
DA:952,0
DA:955,0
DA:959,0
DA:961,0
DA:962,0
DA:964,0
DA:965,0
DA:966,0
DA:967,0
DA:968,0
DA:971,0
DA:973,0
DA:974,0
DA:976,0
DA:977,0
DA:978,0
DA:979,0
DA:980,0
DA:984,0
DA:985,0
DA:986,0
DA:987,0
DA:991,0
DA:994,0
DA:998,35
DA:999,24
DA:1002,24
DA:1004,0
DA:1005,0
DA:1006,0
DA:1009,0
DA:1010,0
DA:1012,0
DA:1014,0
DA:1015,0
DA:1016,0
DA:1020,24
DA:1021,17
DA:1023,17
DA:1024,17
DA:1026,17
DA:1027,17
DA:1031,7
DA:1032,1
DA:1033,1
DA:1034,1
DA:1038,6
DA:1041,6
DA:1045,11
DA:1047,5
DA:1048,0
DA:1049,0
DA:1050,0
DA:1054,5
DA:1055,5
DA:1057,0
DA:1058,0
DA:1059,0
DA:1061,0
DA:1062,0
DA:1063,0
DA:1065,0
DA:1066,0
DA:1067,0
DA:1068,0
DA:1072,5
DA:1073,0
DA:1074,0
DA:1075,0
DA:1079,5
DA:1081,5
DA:1083,5
DA:1084,5
DA:1086,5
DA:1087,0
DA:1090,5
DA:1091,5
DA:1092,5
DA:1096,0
DA:1106,0
DA:1110,6
DA:1111,6
DA:1113,6
DA:1115,0
DA:1116,0
DA:1117,0
DA:1120,1
DA:1121,1
DA:1122,1
DA:1126,1
DA:1127,1
DA:1128,1
DA:1130,1
DA:1134,0
DA:1135,0
DA:1139,0
DA:1140,0
DA:1144,0
DA:1145,0
DA:1147,0
DA:1150,0
DA:1151,0
DA:1154,2
DA:1155,2
DA:1156,2
DA:1160,2
DA:1161,2
DA:1162,2
DA:1165,0
DA:1166,0
DA:1168,2
DA:1169,2
DA:1170,2
DA:1171,2
DA:1175,0
DA:1185,0
DA:1187,0
DA:1196,0
DA:1197,0
DA:1202,0
DA:1212,27
DA:1214,27
DA:1226,27
DA:1227,0
DA:1232,27
DA:1239,18
DA:1240,0
DA:1241,0
DA:1242,0
DA:1245,18
DA:1246,18
DA:1249,18
DA:1255,18
DA:1258,18
DA:1259,18
DA:1262,18
DA:1263,6
DA:1264,6
DA:1265,6
DA:1268,6
DA:1270,6
DA:1271,6
DA:1272,6
DA:1274,6
DA:1275,6
DA:1276,6
DA:1278,6
DA:1289,6
DA:1290,6
DA:1295,12
DA:1298,0
DA:1299,0
DA:1311,5
DA:1314,5
DA:1315,5
DA:1316,5
DA:1317,5
DA:1318,5
DA:1323,5
DA:1324,5
DA:1325,0
DA:1326,0
DA:1327,0
DA:1330,5
DA:1337,17
DA:1338,0
DA:1339,0
DA:1340,0
DA:1343,17
DA:1344,17
DA:1346,17
DA:1348,17
DA:1350,17
DA:1353,17
DA:1354,17
DA:1355,17
DA:1356,17
DA:1357,17
DA:1360,17
DA:1361,17
DA:1362,0
DA:1367,17
DA:1373,17
DA:1377,0
DA:1378,0
DA:1383,0
DA:1384,0
DA:1387,0
DA:1391,0
DA:1392,0
DA:1394,0
DA:1395,0
DA:1398,0
DA:1399,0
DA:1402,0
DA:1403,0
DA:1406,0
DA:1416,0
DA:1417,0
DA:1418,0
DA:1423,0
DA:1424,0
DA:1429,0
DA:1432,0
DA:1433,0
DA:1434,0
DA:1451,0
DA:1453,0
DA:1457,0
DA:1458,0
DA:1463,0
DA:1464,0
DA:1468,0
DA:1473,1
DA:1474,0
DA:1477,0
DA:1480,1
DA:1481,1
DA:1483,1
DA:1484,1
DA:1485,1
DA:1488,1
DA:1507,1
DA:1509,1
DA:1515,1
DA:1516,1
DA:1518,1
DA:1522,1
DA:1525,0
DA:1526,0
DA:1530,1
DA:1538,0
DA:1539,0
DA:1540,0
DA:1543,0
DA:1544,0
DA:1545,0
DA:1547,0
DA:1549,0
DA:1550,0
DA:1551,0
DA:1555,0
DA:1556,0
DA:1557,0
DA:1559,0
DA:1562,0
DA:1563,0
DA:1565,0
DA:1567,0
DA:1568,0
DA:1576,0
DA:1577,0
DA:1578,0
DA:1581,0
DA:1582,0
DA:1583,0
DA:1585,0
DA:1587,0
DA:1588,0
DA:1589,0
DA:1593,0
DA:1596,0
DA:1599,0
DA:1600,0
DA:1601,0
DA:1605,0
DA:1606,0
DA:1607,0
DA:1610,0
DA:1611,0
DA:1614,0
DA:1619,0
DA:1623,0
DA:1624,0
DA:1630,42
DA:1632,4
DA:1633,0
DA:1634,0
DA:1635,0
DA:1636,0
DA:1639,0
DA:1642,4
DA:1643,4
DA:1651,25
DA:1652,25
DA:1653,0
DA:1654,0
DA:1658,25
DA:1660,25
DA:1662,25
DA:1664,25
DA:1676,25
DA:1677,0
DA:1678,0
DA:1679,0
DA:1680,0
DA:1681,0
DA:1688,0
DA:1689,0
DA:1690,0
DA:1691,0
DA:1692,0
DA:1696,0
DA:1697,0
DA:1698,0
DA:1700,0
DA:1701,0
DA:1703,0
DA:1704,0
DA:1706,0
DA:1712,25
DA:1714,25
DA:1721,25
DA:1723,25
DA:1724,25
DA:1727,0
DA:1733,0
DA:1736,0
DA:1746,0
DA:1747,0
DA:1752,0
DA:1757,0
DA:1763,0
DA:1766,0
DA:1767,0
DA:1768,0
DA:1769,0
DA:1771,0
DA:1781,12
DA:1782,12
DA:1783,11
DA:1784,11
DA:1785,11
DA:1790,12
DA:1791,12
DA:1794,12
DA:1804,12
DA:1805,0
DA:1806,0
DA:1810,12
DA:1811,12
DA:1824,12
DA:1832,0
DA:1835,0
DA:1836,0
DA:1837,0
DA:1838,0
DA:1839,0
DA:1844,0
DA:1846,0
DA:1848,0
DA:1849,0
DA:1850,0
DA:1851,0
DA:1852,0
DA:1853,0
DA:1859,0
DA:1860,0
DA:1861,0
DA:1863,0
DA:1864,0
DA:1865,0
DA:1867,0
DA:1868,0
DA:1869,0
DA:1871,0
DA:1877,0
DA:1882,0
DA:1883,0
DA:1885,0
DA:1888,0
DA:1890,0
DA:1891,0
DA:1892,0
DA:1894,0
DA:1901,4
DA:1902,4
DA:1905,4
DA:1909,0
DA:1910,0
DA:1913,0
DA:1914,0
DA:1917,0
DA:1918,0
DA:1921,0
DA:1925,0
DA:1929,0
DA:1931,0
DA:1932,0
DA:1933,0
DA:1935,0
DA:1936,0
DA:1938,0
DA:1940,0
DA:1945,0
DA:1948,0
DA:1949,0
DA:1950,0
DA:1952,0
DA:1955,0
DA:1956,0
DA:1957,0
DA:1962,0
DA:1963,0
DA:1964,0
DA:1968,0
DA:1969,0
DA:1972,0
DA:1973,0
DA:1977,0
DA:1978,0
DA:1982,0
DA:1984,0
DA:1985,0
DA:1988,0
DA:1989,0
DA:1992,0
DA:1994,0
DA:1995,0
DA:1996,0
DA:1997,0
DA:1998,0
DA:2001,0
DA:2002,0
DA:2003,0
DA:2005,0
DA:2006,0
DA:2009,0
DA:2010,0
DA:2012,0
DA:2015,0
DA:2016,0
DA:2019,0
DA:2020,0
DA:2021,0
DA:2022,0
DA:2023,0
DA:2024,0
DA:2025,0
DA:2028,0
DA:2030,0
DA:2031,0
DA:2032,0
DA:2035,0
DA:2040,0
DA:2042,0
DA:2044,0
DA:2046,0
DA:2047,0
DA:2048,0
DA:2051,0
DA:2052,0
DA:2053,0
DA:2057,0
DA:2058,0
DA:2061,0
DA:2063,0
DA:2066,0
DA:2067,0
DA:2068,0
DA:2071,0
DA:2079,0
DA:2081,0
DA:2082,0
DA:2084,0
DA:2085,0
DA:2088,0
DA:2092,0
DA:2093,0
DA:2094,0
DA:2097,0
DA:2102,0
DA:2103,0
DA:2104,0
DA:2105,0
DA:2106,0
DA:2107,0
DA:2112,0
DA:2116,0
DA:2117,0
DA:2119,0
DA:2124,0
DA:2129,0
DA:2130,0
DA:2135,0
DA:2140,0
DA:2141,0
DA:2143,0
DA:2144,0
DA:2145,0
DA:2149,0
DA:2150,0
DA:2153,0
DA:2154,0
DA:2155,0
DA:2158,0
DA:2159,0
DA:2163,0
DA:2164,0
DA:2165,0
DA:2167,0
DA:2169,0
DA:2170,0
DA:2175,0
DA:2180,0
DA:2181,0
DA:2184,0
DA:2185,0
DA:2186,0
DA:2190,0
DA:2194,0
DA:2198,0
DA:2203,0
DA:2204,0
DA:2206,0
DA:2207,0
DA:2208,0
DA:2212,0
DA:2213,0
DA:2216,0
DA:2217,0
DA:2221,0
DA:2222,0
DA:2224,0
DA:2225,0
DA:2226,0
DA:2227,0
DA:2230,0
DA:2231,0
DA:2232,0
DA:2233,0
DA:2234,0
DA:2235,0
DA:2236,0
DA:2239,0
DA:2240,0
DA:2241,0
DA:2242,0
DA:2247,0
DA:2251,0
DA:2254,0
DA:2255,0
DA:2258,0
DA:2263,0
DA:2273,0
DA:2277,0
DA:2280,0
DA:2281,0
DA:2287,0
DA:2291,12
DA:2293,0
DA:2294,0
DA:2298,0
DA:2299,0
DA:2300,0
DA:2301,0
DA:2302,0
DA:2303,0
DA:2306,0
DA:2311,0
DA:2312,0
DA:2319,0
DA:2320,0
DA:2323,0
DA:2327,0
DA:2328,0
DA:2329,0
DA:2331,0
DA:2332,0
DA:2337,0
DA:2339,0
DA:2340,0
DA:2343,0
DA:2347,0
DA:2348,0
DA:2350,0
DA:2351,0
DA:2352,0
DA:2354,0
DA:2355,0
DA:2359,0
DA:2369,0
DA:2370,0
DA:2375,0
DA:2376,0
DA:2377,0
DA:2379,0
DA:2380,0
DA:2381,0
DA:2382,0
DA:2384,0
DA:2385,0
DA:2386,0
DA:2392,0
DA:2395,0
DA:2399,0
DA:2403,0
DA:2404,0
DA:2405,0
DA:2409,0
DA:2412,0
DA:2413,0
DA:2416,0
DA:2421,0
DA:2424,0
DA:2425,0
DA:2426,0
DA:2427,0
DA:2431,0
DA:2432,0
DA:2433,0
DA:2434,0
DA:2435,0
DA:2436,0
DA:2439,0
DA:2440,0
DA:2441,0
DA:2442,0
DA:2443,0
DA:2444,0
DA:2446,0
DA:2450,0
DA:2451,0
DA:2452,0
DA:2453,0
DA:2455,0
DA:2456,0
DA:2457,0
DA:2462,0
DA:2465,0
DA:2467,0
DA:2470,0
DA:2471,0
DA:2472,0
DA:2477,0
DA:2480,0
DA:2482,0
DA:2483,0
DA:2488,0
DA:2489,0
DA:2490,0
DA:2491,0
DA:2492,0
DA:2493,0
DA:2495,0
DA:2499,0
DA:2500,0
DA:2501,0
DA:2502,0
DA:2504,0
DA:2505,0
DA:2506,0
DA:2511,0
DA:2514,0
DA:2516,0
DA:2519,0
DA:2520,0
DA:2521,0
DA:2526,0
DA:2529,0
DA:2531,0
DA:2532,0
DA:2536,0
DA:2538,0
DA:2539,0
DA:2540,0
DA:2541,0
DA:2543,0
DA:2546,0
DA:2547,0
DA:2552,0
DA:2553,0
DA:2555,0
DA:2556,0
DA:2560,0
DA:2561,0
DA:2566,0
DA:2567,0
DA:2569,0
DA:2570,0
DA:2574,0
DA:2575,0
DA:2576,0
DA:2577,0
DA:2578,0
DA:2579,0
DA:2582,0
DA:2587,0
DA:2588,0
DA:2589,0
DA:2592,0
DA:2596,0
DA:2597,0
DA:2600,0
DA:2604,0
DA:2605,0
DA:2606,0
DA:2607,0
DA:2611,0
DA:2616,0
DA:2621,0
DA:2622,0
DA:2625,0
DA:2627,0
DA:2628,0
DA:2631,0
DA:2632,0
DA:2633,0
DA:2634,0
DA:2635,0
DA:2636,0
DA:2638,0
DA:2640,0
DA:2641,0
DA:2642,0
DA:2643,0
DA:2644,0
DA:2645,0
DA:2646,0
DA:2648,0
DA:2651,0
DA:2655,0
DA:2656,0
DA:2657,0
DA:2658,0
DA:2662,0
DA:2664,0
DA:2665,0
DA:2674,0
DA:2677,0
DA:2680,0
DA:2697,0
DA:2698,0
DA:2699,0
DA:2703,0
DA:2705,0
DA:2706,0
DA:2707,0
DA:2709,0
DA:2713,0
DA:2715,0
DA:2723,0
DA:2733,0
DA:2736,0
DA:2737,0
DA:2738,0
DA:2743,0
DA:2749,0
DA:2753,0
DA:2754,0
DA:2757,0
DA:2758,0
DA:2761,0
DA:2762,0
DA:2766,0
DA:2769,0
DA:2771,0
DA:2772,0
DA:2773,0
DA:2775,0
DA:2776,0
DA:2779,0
DA:2783,0
DA:2784,0
DA:2785,0
DA:2786,0
DA:2789,0
DA:2792,0
DA:2796,0
DA:2797,0
DA:2799,0
DA:2800,0
DA:2802,0
DA:2805,0
DA:2806,0
DA:2807,0
DA:2808,0
DA:2809,0
DA:2810,0
DA:2811,0
DA:2814,0
DA:2815,0
DA:2820,0
DA:2821,0
DA:2822,0
DA:2823,0
DA:2828,0
DA:2832,0
DA:2835,0
DA:2839,0
DA:2840,0
DA:2841,0
DA:2842,0
DA:2846,0
DA:2849,0
DA:2853,0
DA:2855,0
DA:2856,0
DA:2857,0
DA:2858,0
DA:2862,0
DA:2863,0
DA:2865,0
DA:2866,0
DA:2872,0
DA:2883,0
DA:2884,0
DA:2887,0
DA:2888,0
DA:2889,0
DA:2894,0
DA:2899,0
DA:2902,0
DA:2904,0
DA:2905,0
DA:2906,0
DA:2911,0
DA:2913,0
DA:2914,0
DA:2917,0
DA:2918,0
DA:2919,0
DA:2923,0
DA:2924,0
DA:2925,0
DA:2929,0
DA:2931,0
DA:2935,0
DA:2936,0
DA:2940,0
DA:2942,0
DA:2943,0
DA:2945,0
DA:2948,0
DA:2949,0
DA:2953,0
DA:2954,0
DA:2956,0
DA:2957,0
DA:2958,0
DA:2960,0
DA:2961,0
DA:2962,0
DA:2966,0
DA:2968,0
DA:2969,0
DA:2970,0
DA:2972,0
DA:2974,0
DA:2977,0
DA:2978,0
DA:2981,0
DA:2982,0
DA:2983,0
DA:2988,0
DA:2989,0
DA:2991,0
DA:2992,0
DA:2993,0
DA:2995,0
DA:2996,0
DA:2997,0
DA:3001,0
DA:3002,0
DA:3006,0
DA:3009,0
DA:3010,0
DA:3011,0
DA:3016,0
DA:3021,0
DA:3025,0
DA:3026,0
DA:3029,0
DA:3030,0
DA:3031,0
DA:3036,0
DA:3037,0
DA:3038,0
DA:3039,0
DA:3043,0
DA:3053,0
DA:3055,0
DA:3058,0
DA:3059,0
DA:3067,0
DA:3068,0
DA:3069,0
DA:3073,0
DA:3074,0
DA:3076,0
DA:3080,0
DA:3081,0
DA:3082,0
DA:3084,0
DA:3085,0
DA:3087,0
DA:3088,0
DA:3090,0
DA:3092,0
DA:3096,0
DA:3100,0
DA:3101,0
DA:3104,0
DA:3108,0
DA:3109,0
DA:3111,0
DA:3112,0
DA:3115,0
DA:3116,0
DA:3119,0
DA:3120,0
DA:3123,0
DA:3124,0
DA:3129,0
DA:3134,0
DA:3136,0
DA:3137,0
DA:3142,0
DA:3143,0
DA:3147,0
DA:3152,0
DA:3154,0
DA:3155,0
DA:3156,0
DA:3157,0
DA:3158,0
DA:3161,0
DA:3164,0
DA:3165,0
DA:3175,0
DA:3178,0
DA:3183,0
DA:3194,0
DA:3203,1
DA:3206,1
DA:3211,1
DA:3214,1
DA:3218,0
DA:3221,0
DA:3222,0
DA:3223,0
DA:3224,0
DA:3227,0
DA:3230,0
DA:3231,0
DA:3232,0
DA:3233,0
DA:3237,0
DA:3239,0
DA:3240,0
DA:3241,0
DA:3242,0
DA:3245,0
DA:3249,0
DA:3251,0
DA:3253,0
DA:3254,0
DA:3257,0
DA:3258,0
DA:3259,0
DA:3260,0
DA:3262,0
DA:3265,0
DA:3268,0
DA:3269,0
DA:3270,0
DA:3277,0
DA:3281,0
DA:3282,0
DA:3284,0
DA:3285,0
DA:3286,0
DA:3288,0
DA:3302,0
DA:3306,0
DA:3308,0
DA:3310,0
DA:3311,0
DA:3312,0
DA:3314,0
DA:3315,0
DA:3317,0
DA:3319,0
DA:3320,0
DA:3323,0
DA:3326,0
DA:3327,0
DA:3328,0
DA:3329,0
DA:3332,0
DA:3335,0
DA:3339,0
DA:3340,0
DA:3342,0
DA:3344,0
DA:3345,0
DA:3346,0
DA:3350,0
DA:3353,0
DA:3356,0
DA:3357,0
DA:3360,0
DA:3363,0
DA:3364,0
DA:3367,0
DA:3368,0
DA:3371,0
DA:3372,0
DA:3374,0
DA:3377,0
DA:3378,0
DA:3381,0
DA:3382,0
DA:3383,0
DA:3387,0
DA:3388,0
DA:3389,0
DA:3391,0
DA:3392,0
DA:3394,0
DA:3395,0
DA:3396,0
DA:3399,0
DA:3403,0
DA:3407,1
DA:3409,1
DA:3410,1
DA:3411,1
DA:3413,1
DA:3416,1
DA:3417,1
DA:3420,1
DA:3421,1
DA:3422,1
DA:3424,1
DA:3425,1
DA:3428,1
DA:3430,0
DA:3431,0
DA:3434,0
DA:3435,0
DA:3436,0
DA:3439,0
DA:3440,0
DA:3441,0
DA:3447,0
DA:3452,0
DA:3461,0
DA:3474,1
DA:3475,1
DA:3478,1
DA:3483,0
DA:3484,0
DA:3487,0
DA:3488,0
DA:3489,0
DA:3493,0
DA:3494,0
DA:3495,0
DA:3500,0
DA:3501,0
DA:3502,0
DA:3503,0
DA:3505,0
DA:3506,0
DA:3507,0
DA:3508,0
DA:3510,0
DA:3512,0
DA:3514,0
DA:3520,0
DA:3521,0
DA:3523,0
DA:3526,0
DA:3530,0
DA:3531,0
DA:3532,0
DA:3533,0
DA:3536,0
DA:3537,0
DA:3539,0
DA:3548,0
DA:3550,0
DA:3551,0
DA:3554,0
DA:3555,0
DA:3556,0
DA:3559,0
DA:3560,0
DA:3562,0
DA:3563,0
DA:3564,0
DA:3565,0
DA:3566,0
DA:3569,0
DA:3574,0
DA:3575,0
DA:3579,0
DA:3580,0
DA:3581,0
DA:3584,0
DA:3585,0
DA:3590,0
DA:3597,0
DA:3601,0
DA:3603,0
DA:3604,0
DA:3607,0
DA:3612,0
DA:3613,0
DA:3614,0
DA:3617,0
DA:3618,0
DA:3620,0
DA:3621,0
DA:3624,0
DA:3625,0
DA:3628,0
DA:3629,0
DA:3632,0
DA:3633,0
DA:3638,0
DA:3643,0
DA:3644,0
DA:3646,0
DA:3651,0
DA:3652,0
DA:3656,0
DA:3664,0
DA:3665,0
DA:3666,0
DA:3669,0
DA:3670,0
DA:3671,0
DA:3673,0
DA:3675,0
DA:3676,0
DA:3677,0
DA:3680,0
DA:3681,0
DA:3682,0
DA:3684,0
DA:3686,0
DA:3689,0
DA:3690,0
DA:3695,2
DA:3697,1
DA:3698,1
DA:3699,1
DA:3700,1
DA:3701,1
DA:3704,0
DA:3707,1
DA:3708,1
LF:1494
LH:342
BRDA:12,0,0,6
BRDA:12,0,1,0
BRDA:120,1,0,876
BRDA:120,1,1,127
BRDA:123,2,0,65
BRDA:123,2,1,63
BRDA:131,3,0,82
BRDA:131,3,1,70
BRDA:134,4,0,12
BRDA:134,4,1,97
BRDA:142,5,0,26
BRDA:142,5,1,26
BRDA:145,6,0,0
BRDA:145,6,1,97
BRDA:153,7,0,34
BRDA:153,7,1,27
BRDA:156,8,0,1
BRDA:156,8,1,98
BRDA:178,9,0,0
BRDA:179,10,0,51
BRDA:181,11,0,0
BRDA:181,11,1,51
BRDA:183,12,0,51
BRDA:183,12,1,0
BRDA:185,13,0,51
BRDA:185,13,1,0
BRDA:187,14,0,51
BRDA:187,14,1,0
BRDA:195,15,0,0
BRDA:213,16,0,5
BRDA:220,17,0,0
BRDA:220,17,1,0
BRDA:221,18,0,0
BRDA:221,18,1,0
BRDA:226,19,0,0
BRDA:232,20,0,0
BRDA:232,20,1,0
BRDA:232,21,0,0
BRDA:232,21,1,0
BRDA:235,22,0,0
BRDA:235,22,1,0
BRDA:239,23,0,0
BRDA:239,23,1,0
BRDA:264,24,0,0
BRDA:264,24,1,0
BRDA:266,25,0,0
BRDA:266,25,1,0
BRDA:266,26,0,0
BRDA:266,26,1,0
BRDA:266,26,2,0
BRDA:266,26,3,0
BRDA:266,26,4,0
BRDA:275,27,0,0
BRDA:275,27,1,0
BRDA:275,28,0,0
BRDA:275,28,1,0
BRDA:304,29,0,50
BRDA:306,30,0,50
BRDA:306,30,1,0
BRDA:325,31,0,0
BRDA:334,32,0,0
BRDA:358,33,0,29
BRDA:360,34,0,29
BRDA:365,35,0,7
BRDA:371,36,0,35
BRDA:374,37,0,35
BRDA:378,38,0,0
BRDA:378,39,0,26
BRDA:378,39,1,0
BRDA:380,40,0,0
BRDA:384,41,0,0
BRDA:386,42,0,0
BRDA:392,43,0,0
BRDA:394,44,0,0
BRDA:400,45,0,25
BRDA:400,45,1,1
BRDA:404,46,0,0
BRDA:404,46,1,25
BRDA:404,47,0,25
BRDA:404,47,1,0
BRDA:409,48,0,1
BRDA:409,48,1,0
BRDA:409,49,0,1
BRDA:409,49,1,1
BRDA:427,50,0,1
BRDA:427,50,1,1
BRDA:427,50,2,0
BRDA:427,50,3,0
BRDA:427,50,4,1
BRDA:427,50,5,0
BRDA:427,50,6,0
BRDA:427,50,7,12
BRDA:427,50,8,4
BRDA:427,50,9,0
BRDA:427,50,10,1
BRDA:427,50,11,0
BRDA:427,50,12,5
BRDA:427,50,13,2
BRDA:427,50,14,2
BRDA:427,50,15,0
BRDA:545,51,0,0
BRDA:545,51,1,1
BRDA:557,52,0,1
BRDA:557,52,1,0
BRDA:558,53,0,1
BRDA:558,53,1,0
BRDA:561,54,0,1
BRDA:561,55,0,1
BRDA:561,55,1,1
BRDA:564,56,0,1
BRDA:564,57,0,1
BRDA:564,57,1,1
BRDA:599,58,0,1
BRDA:619,59,0,0
BRDA:619,59,1,0
BRDA:620,60,0,0
BRDA:620,60,1,0
BRDA:636,61,0,0
BRDA:656,62,0,0
BRDA:656,62,1,0
BRDA:657,63,0,0
BRDA:657,63,1,0
BRDA:660,64,0,0
BRDA:660,64,1,0
BRDA:660,65,0,0
BRDA:660,65,1,0
BRDA:663,66,0,0
BRDA:663,66,1,0
BRDA:667,67,0,0
BRDA:667,67,1,0
BRDA:678,68,0,0
BRDA:703,69,0,2
BRDA:703,70,0,5
BRDA:703,70,1,4
BRDA:711,71,0,0
BRDA:711,72,0,3
BRDA:711,72,1,0
BRDA:720,73,0,0
BRDA:738,74,0,2
BRDA:738,74,1,1
BRDA:744,75,0,2
BRDA:754,76,0,0
BRDA:754,76,1,0
BRDA:754,77,0,0
BRDA:754,77,1,0
BRDA:755,78,0,0
BRDA:755,78,1,0
BRDA:760,79,0,0
BRDA:760,79,1,0
BRDA:777,80,0,1
BRDA:787,81,0,1
BRDA:797,82,0,0
BRDA:797,82,1,0
BRDA:801,83,0,0
BRDA:801,83,1,0
BRDA:813,84,0,0
BRDA:813,85,0,0
BRDA:813,85,1,0
BRDA:852,86,0,0
BRDA:859,87,0,0
BRDA:859,87,1,0
BRDA:878,88,0,0
BRDA:878,89,0,0
BRDA:878,89,1,0
BRDA:878,89,2,0
BRDA:878,89,3,0
BRDA:896,90,0,0
BRDA:903,91,0,0
BRDA:903,91,1,0
BRDA:924,92,0,0
BRDA:927,93,0,97
BRDA:927,93,1,97
BRDA:927,93,2,1
BRDA:927,93,3,1
BRDA:935,94,0,0
BRDA:940,95,0,0
BRDA:947,96,0,0
BRDA:951,97,0,0
BRDA:951,98,0,0
BRDA:951,98,1,0
BRDA:951,98,2,0
BRDA:951,98,3,0
BRDA:959,99,0,0
BRDA:971,100,0,0
BRDA:984,101,0,0
BRDA:984,102,0,0
BRDA:984,102,1,0
BRDA:998,103,0,24
BRDA:1002,104,0,0
BRDA:1002,105,0,24
BRDA:1002,105,1,24
BRDA:1002,105,2,24
BRDA:1002,105,3,24
BRDA:1004,106,0,0
BRDA:1004,106,1,0
BRDA:1020,107,0,17
BRDA:1031,108,0,1
BRDA:1031,109,0,7
BRDA:1031,109,1,6
BRDA:1045,110,0,5
BRDA:1047,111,0,0
BRDA:1047,112,0,5
BRDA:1047,112,1,5
BRDA:1055,113,0,0
BRDA:1055,114,0,5
BRDA:1055,114,1,5
BRDA:1055,114,2,5
BRDA:1055,114,3,5
BRDA:1057,115,0,0
BRDA:1057,115,1,0
BRDA:1072,116,0,0
BRDA:1072,117,0,5
BRDA:1072,117,1,5
BRDA:1081,118,0,5
BRDA:1081,119,0,5
BRDA:1081,119,1,0
BRDA:1083,120,0,5
BRDA:1083,121,0,5
BRDA:1083,121,1,5
BRDA:1086,122,0,0
BRDA:1086,123,0,5
BRDA:1086,123,1,0
BRDA:1110,124,0,6
BRDA:1113,125,0,0
BRDA:1113,125,1,1
BRDA:1113,125,2,1
BRDA:1113,125,3,0
BRDA:1113,125,4,0
BRDA:1113,125,5,0
BRDA:1113,125,6,2
BRDA:1113,125,7,2
BRDA:1115,126,0,0
BRDA:1115,126,1,0
BRDA:1115,127,0,0
BRDA:1115,127,1,0
BRDA:1120,128,0,0
BRDA:1120,128,1,1
BRDA:1120,129,0,1
BRDA:1120,129,1,0
BRDA:1126,130,0,1
BRDA:1127,131,0,1
BRDA:1127,131,1,1
BRDA:1144,132,0,0
BRDA:1160,133,0,2
BRDA:1160,133,1,0
BRDA:1185,134,0,0
BRDA:1196,135,0,0
BRDA:1196,135,1,0
BRDA:1212,136,0,0
BRDA:1214,137,0,27
BRDA:1214,137,1,0
BRDA:1226,138,0,0
BRDA:1226,138,1,27
BRDA:1239,139,0,0
BRDA:1239,140,0,18
BRDA:1239,140,1,18
BRDA:1252,141,0,18
BRDA:1252,141,1,0
BRDA:1255,142,0,18
BRDA:1255,142,1,0
BRDA:1262,143,0,6
BRDA:1264,144,0,6
BRDA:1265,145,0,6
BRDA:1268,146,0,6
BRDA:1275,147,0,6
BRDA:1276,148,0,6
BRDA:1315,149,0,5
BRDA:1324,150,0,0
BRDA:1326,151,0,0
BRDA:1326,151,1,0
BRDA:1337,152,0,0
BRDA:1337,153,0,17
BRDA:1337,153,1,17
BRDA:1343,154,0,17
BRDA:1343,154,1,0
BRDA:1361,155,0,0
BRDA:1361,155,1,17
BRDA:1361,156,0,17
BRDA:1361,156,1,17
BRDA:1361,156,2,0
BRDA:1383,157,0,0
BRDA:1383,158,0,0
BRDA:1383,158,1,0
BRDA:1391,159,0,0
BRDA:1391,159,1,0
BRDA:1394,160,0,0
BRDA:1407,161,0,0
BRDA:1407,161,1,0
BRDA:1408,162,0,0
BRDA:1408,162,1,0
BRDA:1409,163,0,0
BRDA:1409,163,1,0
BRDA:1411,164,0,0
BRDA:1411,164,1,0
BRDA:1412,165,0,0
BRDA:1412,165,1,0
BRDA:1416,166,0,0
BRDA:1416,166,1,0
BRDA:1416,167,0,0
BRDA:1416,167,1,0
BRDA:1416,167,2,0
BRDA:1420,168,0,0
BRDA:1420,168,1,0
BRDA:1425,169,0,0
BRDA:1425,169,1,0
BRDA:1433,170,0,0
BRDA:1433,170,1,0
BRDA:1435,171,0,0
BRDA:1435,171,1,0
BRDA:1448,172,0,0
BRDA:1448,172,1,0
BRDA:1457,173,0,0
BRDA:1457,173,1,0
BRDA:1473,174,0,0
BRDA:1473,175,0,1
BRDA:1473,175,1,1
BRDA:1480,176,0,1
BRDA:1480,176,1,0
BRDA:1485,177,0,1
BRDA:1485,177,1,0
BRDA:1489,178,0,1
BRDA:1489,178,1,0
BRDA:1502,179,0,1
BRDA:1502,179,1,1
BRDA:1516,180,0,0
BRDA:1516,180,1,1
BRDA:1519,181,0,0
BRDA:1519,181,1,1
BRDA:1538,182,0,0
BRDA:1538,183,0,0
BRDA:1538,183,1,0
BRDA:1544,184,0,0
BRDA:1544,184,1,0
BRDA:1549,185,0,0
BRDA:1557,186,0,0
BRDA:1557,186,1,0
BRDA:1576,187,0,0
BRDA:1576,188,0,0
BRDA:1576,188,1,0
BRDA:1582,189,0,0
BRDA:1582,189,1,0
BRDA:1587,190,0,0
BRDA:1596,191,0,0
BRDA:1596,191,1,0
BRDA:1600,192,0,0
BRDA:1630,193,0,4
BRDA:1634,194,0,0
BRDA:1652,195,0,0
BRDA:1676,196,0,0
BRDA:1676,197,0,25
BRDA:1676,197,1,0
BRDA:1689,198,0,0
BRDA:1689,198,1,0
BRDA:1691,199,0,0
BRDA:1712,200,0,25
BRDA:1712,200,1,0
BRDA:1746,201,0,0
BRDA:1746,201,1,0
BRDA:1782,202,0,11
BRDA:1784,203,0,11
BRDA:1805,204,0,0
BRDA:1805,205,0,0
BRDA:1805,205,1,0
BRDA:1832,206,0,0
BRDA:1835,207,0,0
BRDA:1838,208,0,0
BRDA:1838,209,0,0
BRDA:1838,209,1,0
BRDA:1848,210,0,0
BRDA:1848,211,0,0
BRDA:1848,211,1,0
BRDA:1860,212,0,0
BRDA:1860,212,1,0
BRDA:1861,213,0,0
BRDA:1901,214,0,4
BRDA:1909,215,0,0
BRDA:1913,216,0,0
BRDA:1929,217,0,0
BRDA:1952,218,0,0
BRDA:1952,218,1,0
BRDA:1957,219,0,0
BRDA:1957,219,1,0
BRDA:1962,220,0,0
BRDA:1968,221,0,0
BRDA:1982,222,0,0
BRDA:1985,223,0,0
BRDA:1985,223,1,0
BRDA:1996,224,0,0
BRDA:1996,224,1,0
BRDA:1997,225,0,0
BRDA:1997,225,1,0
BRDA:1998,226,0,0
BRDA:1998,226,1,0
BRDA:2002,227,0,0
BRDA:2003,228,0,0
BRDA:2005,229,0,0
BRDA:2005,229,1,0
BRDA:2006,230,0,0
BRDA:2009,231,0,0
BRDA:2009,231,1,0
BRDA:2010,232,0,0
BRDA:2010,232,1,0
BRDA:2015,233,0,0
BRDA:2028,234,0,0
BRDA:2028,234,1,0
BRDA:2030,235,0,0
BRDA:2030,235,1,0
BRDA:2040,236,0,0
BRDA:2040,237,0,0
BRDA:2040,237,1,0
BRDA:2044,238,0,0
BRDA:2044,238,1,0
BRDA:2044,238,2,0
BRDA:2044,238,3,0
BRDA:2046,239,0,0
BRDA:2046,239,1,0
BRDA:2046,240,0,0
BRDA:2046,240,1,0
BRDA:2051,241,0,0
BRDA:2051,241,1,0
BRDA:2051,242,0,0
BRDA:2051,242,1,0
BRDA:2052,243,0,0
BRDA:2052,243,1,0
BRDA:2057,244,0,0
BRDA:2057,244,1,0
BRDA:2057,245,0,0
BRDA:2057,245,1,0
BRDA:2079,246,0,0
BRDA:2082,247,0,0
BRDA:2082,247,1,0
BRDA:2084,248,0,0
BRDA:2104,249,0,0
BRDA:2106,250,0,0
BRDA:2106,250,1,0
BRDA:2106,251,0,0
BRDA:2106,251,1,0
BRDA:2129,252,0,0
BRDA:2140,253,0,0
BRDA:2140,253,1,0
BRDA:2143,254,0,0
BRDA:2143,255,0,0
BRDA:2143,255,1,0
BRDA:2144,256,0,0
BRDA:2155,257,0,0
BRDA:2155,257,1,0
BRDA:2158,258,0,0
BRDA:2158,258,1,0
BRDA:2169,259,0,0
BRDA:2169,259,1,0
BRDA:2169,260,0,0
BRDA:2169,260,1,0
BRDA:2172,261,0,0
BRDA:2172,261,1,0
BRDA:2176,262,0,0
BRDA:2176,262,1,0
BRDA:2181,263,0,0
BRDA:2181,263,1,0
BRDA:2184,264,0,0
BRDA:2203,265,0,0
BRDA:2203,265,1,0
BRDA:2206,266,0,0
BRDA:2206,267,0,0
BRDA:2206,267,1,0
BRDA:2207,268,0,0
BRDA:2217,269,0,0
BRDA:2217,269,1,0
BRDA:2234,270,0,0
BRDA:2234,270,1,0
BRDA:2235,271,0,0
BRDA:2235,271,1,0
BRDA:2236,272,0,0
BRDA:2236,272,1,0
BRDA:2241,273,0,0
BRDA:2241,273,1,0
BRDA:2241,274,0,0
BRDA:2241,274,1,0
BRDA:2244,275,0,0
BRDA:2244,275,1,0
BRDA:2248,276,0,0
BRDA:2248,276,1,0
BRDA:2251,277,0,0
BRDA:2251,277,1,0
BRDA:2255,278,0,0
BRDA:2255,278,1,0
BRDA:2266,279,0,0
BRDA:2266,279,1,0
BRDA:2277,280,0,0
BRDA:2277,280,1,0
BRDA:2280,281,0,0
BRDA:2280,281,1,0
BRDA:2291,282,0,0
BRDA:2293,283,0,0
BRDA:2301,284,0,0
BRDA:2319,285,0,0
BRDA:2339,286,0,0
BRDA:2351,287,0,0
BRDA:2381,288,0,0
BRDA:2381,288,1,0
BRDA:2384,289,0,0
BRDA:2384,289,1,0
BRDA:2404,290,0,0
BRDA:2404,290,1,0
BRDA:2421,291,0,0
BRDA:2424,292,0,0
BRDA:2431,293,0,0
BRDA:2434,294,0,0
BRDA:2434,294,1,0
BRDA:2436,295,0,0
BRDA:2436,295,1,0
BRDA:2439,296,0,0
BRDA:2439,297,0,0
BRDA:2439,297,1,0
BRDA:2440,298,0,0
BRDA:2440,298,1,0
BRDA:2452,299,0,0
BRDA:2452,299,1,0
BRDA:2455,300,0,0
BRDA:2455,300,1,0
BRDA:2473,301,0,0
BRDA:2473,301,1,0
BRDA:2474,302,0,0
BRDA:2474,302,1,0
BRDA:2488,303,0,0
BRDA:2488,304,0,0
BRDA:2488,304,1,0
BRDA:2488,304,2,0
BRDA:2489,305,0,0
BRDA:2489,305,1,0
BRDA:2501,306,0,0
BRDA:2501,306,1,0
BRDA:2504,307,0,0
BRDA:2504,307,1,0
BRDA:2522,308,0,0
BRDA:2522,308,1,0
BRDA:2523,309,0,0
BRDA:2523,309,1,0
BRDA:2538,310,0,0
BRDA:2538,311,0,0
BRDA:2538,311,1,0
BRDA:2538,311,2,0
BRDA:2538,312,0,0
BRDA:2538,312,1,0
BRDA:2563,313,0,0
BRDA:2563,313,1,0
BRDA:2563,313,2,0
BRDA:2570,314,0,0
BRDA:2570,314,1,0
BRDA:2574,315,0,0
BRDA:2577,316,0,0
BRDA:2588,317,0,0
BRDA:2588,317,1,0
BRDA:2596,318,0,0
BRDA:2596,319,0,0
BRDA:2596,319,1,0
BRDA:2596,319,2,0
BRDA:2596,319,3,0
BRDA:2604,320,0,0
BRDA:2604,321,0,0
BRDA:2604,321,1,0
BRDA:2621,322,0,0
BRDA:2625,323,0,0
BRDA:2625,324,0,0
BRDA:2625,324,1,0
BRDA:2625,324,2,0
BRDA:2625,324,3,0
BRDA:2641,325,0,0
BRDA:2641,325,1,0
BRDA:2655,326,0,0
BRDA:2655,327,0,0
BRDA:2655,327,1,0
BRDA:2664,328,0,0
BRDA:2664,329,0,0
BRDA:2664,329,1,0
BRDA:2683,330,0,0
BRDA:2683,330,1,0
BRDA:2684,331,0,0
BRDA:2684,331,1,0
BRDA:2685,332,0,0
BRDA:2685,332,1,0
BRDA:2703,333,0,0
BRDA:2703,334,0,0
BRDA:2703,334,1,0
BRDA:2705,335,0,0
BRDA:2718,336,0,0
BRDA:2718,336,1,0
BRDA:2720,337,0,0
BRDA:2720,337,1,0
BRDA:2726,338,0,0
BRDA:2726,338,1,0
BRDA:2737,339,0,0
BRDA:2737,339,1,0
BRDA:2737,340,0,0
BRDA:2737,340,1,0
BRDA:2769,341,0,0
BRDA:2769,342,0,0
BRDA:2769,342,1,0
BRDA:2769,342,2,0
BRDA:2769,342,3,0
BRDA:2783,343,0,0
BRDA:2783,344,0,0
BRDA:2783,344,1,0
BRDA:2796,345,0,0
BRDA:2796,346,0,0
BRDA:2796,346,1,0
BRDA:2799,347,0,0
BRDA:2799,348,0,0
BRDA:2799,348,1,0
BRDA:2799,348,2,0
BRDA:2799,349,0,0
BRDA:2799,349,1,0
BRDA:2800,350,0,0
BRDA:2800,350,1,0
BRDA:2809,351,0,0
BRDA:2822,352,0,0
BRDA:2822,352,1,0
BRDA:2822,353,0,0
BRDA:2822,353,1,0
BRDA:2839,354,0,0
BRDA:2839,355,0,0
BRDA:2839,355,1,0
BRDA:2853,356,0,0
BRDA:2855,357,0,0
BRDA:2868,358,0,0
BRDA:2868,358,1,0
BRDA:2869,359,0,0
BRDA:2869,359,1,0
BRDA:2875,360,0,0
BRDA:2875,360,1,0
BRDA:2879,361,0,0
BRDA:2879,361,1,0
BRDA:2888,362,0,0
BRDA:2888,362,1,0
BRDA:2888,363,0,0
BRDA:2888,363,1,0
BRDA:2911,364,0,0
BRDA:2911,365,0,0
BRDA:2911,365,1,0
BRDA:2914,366,0,0
BRDA:2914,366,1,0
BRDA:2917,367,0,0
BRDA:2917,368,0,0
BRDA:2917,368,1,0
BRDA:2917,368,2,0
BRDA:2917,368,3,0
BRDA:2923,369,0,0
BRDA:2923,370,0,0
BRDA:2923,370,1,0
BRDA:2924,371,0,0
BRDA:2924,371,1,0
BRDA:2929,372,0,0
BRDA:2929,373,0,0
BRDA:2929,373,1,0
BRDA:2929,373,2,0
BRDA:2940,374,0,0
BRDA:2940,375,0,0
BRDA:2940,375,1,0
BRDA:2942,376,0,0
BRDA:2953,377,0,0
BRDA:2953,378,0,0
BRDA:2953,378,1,0
BRDA:2957,379,0,0
BRDA:2957,379,1,0
BRDA:2960,380,0,0
BRDA:2970,381,0,0
BRDA:2970,381,1,0
BRDA:2988,382,0,0
BRDA:2988,383,0,0
BRDA:2988,383,1,0
BRDA:2992,384,0,0
BRDA:2992,384,1,0
BRDA:2995,385,0,0
BRDA:3010,386,0,0
BRDA:3010,386,1,0
BRDA:3010,387,0,0
BRDA:3010,387,1,0
BRDA:3036,388,0,0
BRDA:3036,389,0,0
BRDA:3036,389,1,0
BRDA:3036,389,2,0
BRDA:3055,390,0,0
BRDA:3059,391,0,0
BRDA:3059,392,0,0
BRDA:3059,392,1,0
BRDA:3068,393,0,0
BRDA:3074,394,0,0
BRDA:3074,395,0,0
BRDA:3074,395,1,0
BRDA:3082,396,0,0
BRDA:3082,397,0,0
BRDA:3082,397,1,0
BRDA:3087,398,0,0
BRDA:3087,398,1,0
BRDA:3087,399,0,0
BRDA:3087,399,1,0
BRDA:3096,400,0,0
BRDA:3096,400,1,0
BRDA:3100,401,0,0
BRDA:3100,402,0,0
BRDA:3100,402,1,0
BRDA:3108,403,0,0
BRDA:3108,403,1,0
BRDA:3111,404,0,0
BRDA:3123,405,0,0
BRDA:3123,405,1,0
BRDA:3123,406,0,0
BRDA:3123,406,1,0
BRDA:3126,407,0,0
BRDA:3126,407,1,0
BRDA:3130,408,0,0
BRDA:3130,408,1,0
BRDA:3134,409,0,0
BRDA:3134,409,1,0
BRDA:3136,410,0,0
BRDA:3136,410,1,0
BRDA:3152,411,0,0
BRDA:3154,412,0,0
BRDA:3156,413,0,0
BRDA:3218,414,0,0
BRDA:3221,415,0,0
BRDA:3230,416,0,0
BRDA:3230,417,0,0
BRDA:3230,417,1,0
BRDA:3237,418,0,0
BRDA:3240,419,0,0
BRDA:3249,420,0,0
BRDA:3251,421,0,0
BRDA:3251,422,0,0
BRDA:3251,422,1,0
BRDA:3251,422,2,0
BRDA:3251,422,3,0
BRDA:3269,423,0,0
BRDA:3292,424,0,0
BRDA:3292,424,1,0
BRDA:3293,425,0,0
BRDA:3293,425,1,0
BRDA:3306,426,0,0
BRDA:3308,427,0,0
BRDA:3308,428,0,0
BRDA:3308,428,1,0
BRDA:3308,428,2,0
BRDA:3308,428,3,0
BRDA:3310,429,0,0
BRDA:3310,429,1,0
BRDA:3326,430,0,0
BRDA:3339,431,0,0
BRDA:3342,432,0,0
BRDA:3342,432,1,0
BRDA:3342,432,2,0
BRDA:3342,432,3,0
BRDA:3342,432,4,0
BRDA:3342,432,5,0
BRDA:3342,432,6,0
BRDA:3342,432,7,0
BRDA:3344,433,0,0
BRDA:3344,433,1,0
BRDA:3344,434,0,0
BRDA:3344,434,1,0
BRDA:3351,435,0,0
BRDA:3351,435,1,0
BRDA:3371,436,0,0
BRDA:3387,437,0,0
BRDA:3387,437,1,0
BRDA:3407,438,0,0
BRDA:3411,439,0,0
BRDA:3430,440,0,0
BRDA:3440,441,0,0
BRDA:3440,441,1,0
BRDA:3443,442,0,0
BRDA:3443,442,1,0
BRDA:3444,443,0,0
BRDA:3444,443,1,0
BRDA:3448,444,0,0
BRDA:3448,444,1,0
BRDA:3454,445,0,0
BRDA:3454,445,1,0
BRDA:3455,446,0,0
BRDA:3455,446,1,0
BRDA:3456,447,0,0
BRDA:3456,447,1,0
BRDA:3484,448,0,0
BRDA:3489,449,0,0
BRDA:3489,450,0,0
BRDA:3489,450,1,0
BRDA:3494,451,0,0
BRDA:3503,452,0,0
BRDA:3503,453,0,0
BRDA:3503,453,1,0
BRDA:3506,454,0,0
BRDA:3506,454,1,0
BRDA:3506,455,0,0
BRDA:3506,455,1,0
BRDA:3508,456,0,0
BRDA:3508,456,1,0
BRDA:3521,457,0,0
BRDA:3521,458,0,0
BRDA:3521,458,1,0
BRDA:3526,459,0,0
BRDA:3526,459,1,0
BRDA:3530,460,0,0
BRDA:3530,461,0,0
BRDA:3530,461,1,0
BRDA:3530,461,2,0
BRDA:3555,462,0,0
BRDA:3555,463,0,0
BRDA:3555,463,1,0
BRDA:3565,464,0,0
BRDA:3574,465,0,0
BRDA:3584,466,0,0
BRDA:3584,466,1,0
BRDA:3584,467,0,0
BRDA:3584,467,1,0
BRDA:3612,468,0,0
BRDA:3612,469,0,0
BRDA:3612,469,1,0
BRDA:3617,470,0,0
BRDA:3617,470,1,0
BRDA:3620,471,0,0
BRDA:3632,472,0,0
BRDA:3632,472,1,0
BRDA:3632,473,0,0
BRDA:3632,473,1,0
BRDA:3635,474,0,0
BRDA:3635,474,1,0
BRDA:3639,475,0,0
BRDA:3639,475,1,0
BRDA:3643,476,0,0
BRDA:3643,476,1,0
BRDA:3664,477,0,0
BRDA:3664,478,0,0
BRDA:3664,478,1,0
BRDA:3670,479,0,0
BRDA:3670,479,1,0
BRDA:3675,480,0,0
BRDA:3682,481,0,0
BRDA:3682,481,1,0
BRDA:3695,482,0,1
BRDA:3697,483,0,1
BRDA:3699,484,0,1
BRF:839
BRH:141
end_of_record
TN:
SF:src/stateStore.ts
FN:30,(anonymous_1)
FN:85,(anonymous_2)
FN:100,(anonymous_3)
FN:113,(anonymous_4)
FN:125,(anonymous_5)
FN:138,(anonymous_6)
FN:151,(anonymous_7)
FN:164,(anonymous_8)
FN:177,initStateStore
FN:189,getStateStore
FNF:10
FNH:8
FNDA:51,(anonymous_1)
FNDA:388,(anonymous_2)
FNDA:50,(anonymous_3)
FNDA:5,(anonymous_4)
FNDA:0,(anonymous_5)
FNDA:51,(anonymous_6)
FNDA:0,(anonymous_7)
FNDA:97,(anonymous_8)
FNDA:51,initStateStore
FNDA:203,getStateStore
DA:1,6
DA:2,6
DA:3,6
DA:4,6
DA:6,6
DA:32,51
DA:33,51
DA:34,0
DA:37,51
DA:38,51
DA:41,51
DA:55,51
DA:58,51
DA:62,51
DA:65,51
DA:68,51
DA:73,51
DA:74,51
DA:75,0
DA:78,51
DA:86,388
DA:87,388
DA:88,388
DA:89,38
DA:91,0
DA:92,0
DA:101,50
DA:102,50
DA:103,50
DA:104,50
DA:106,0
DA:114,5
DA:115,5
DA:116,5
DA:118,0
DA:126,0
DA:127,0
DA:128,0
DA:130,0
DA:139,51
DA:140,51
DA:141,51
DA:143,0
DA:144,0
DA:152,0
DA:153,0
DA:154,0
DA:155,0
DA:158,0
DA:165,97
DA:166,97
DA:171,6
DA:177,6
DA:178,51
DA:179,46
DA:180,46
DA:182,51
DA:189,6
DA:190,203
DA:191,0
DA:193,203
DA:196,6
LF:62
LH:44
BRDA:6,0,0,6
BRDA:6,0,1,0
BRDA:33,1,0,0
BRDA:74,2,0,0
BRDA:88,3,0,350
BRDA:100,4,0,0
BRDA:154,5,0,0
BRDA:178,6,0,46
BRDA:190,7,0,0
BRF:9
BRH:3
end_of_record
